2021-04-20 16:44:36,761 [INFO] list of blogs for the user 'e3673499-cedc-468d-b45e-f6d083c7dc2a'
2021-04-20 16:45:21,629 [INFO] list of blogs for the user 'e3673499-cedc-468d-b45e-f6d083c7dc2a'
2021-04-20 16:46:18,526 [INFO] C:\Users\Shilpa Bundela\Desktop\Rachit\Projects\Django\Django_User_Authentication\blogs\viewsets.py changed, reloading.
2021-04-20 16:46:25,453 [INFO] liked on blog with uid = '3b97bb92-be6e-4653-af60-cde698ccd197'
2021-04-20 16:47:13,825 [INFO] C:\Users\Shilpa Bundela\Desktop\Rachit\Projects\Django\Django_User_Authentication\blogs\viewsets.py changed, reloading.
2021-04-20 16:47:41,141 [INFO] liked on blog with uid = '3b97bb92-be6e-4653-af60-cde698ccd197'
2021-04-20 16:49:28,947 [INFO] C:\Users\Shilpa Bundela\Desktop\Rachit\Projects\Django\Django_User_Authentication\blogs\viewsets.py changed, reloading.
2021-04-20 16:50:05,416 [INFO] C:\Users\Shilpa Bundela\Desktop\Rachit\Projects\Django\Django_User_Authentication\blogs\mixin.py changed, reloading.
2021-04-20 16:50:43,190 [INFO] C:\Users\Shilpa Bundela\Desktop\Rachit\Projects\Django\Django_User_Authentication\blogs\viewsets.py changed, reloading.
2021-04-20 17:00:58,658 [INFO] C:\Users\Shilpa Bundela\Desktop\Rachit\Projects\Django\Django_User_Authentication\blogs\models.py changed, reloading.
2021-04-20 17:05:16,355 [INFO] C:\Users\Shilpa Bundela\Desktop\Rachit\Projects\Django\Django_User_Authentication\blogs\mixin.py changed, reloading.
2021-04-20 17:05:41,746 [INFO] C:\Users\Shilpa Bundela\Desktop\Rachit\Projects\Django\Django_User_Authentication\blogs\viewsets.py changed, reloading.
2021-04-20 17:05:49,919 [INFO] blog details of '3b97bb92-be6e-4653-af60-cde698ccd197'
2021-04-20 17:05:50,044 [ERROR] Internal Server Error: /blogs/3b97bb92-be6e-4653-af60-cde698ccd197/
2021-04-20 17:13:45,559 [INFO] blog details of '3b97bb92-be6e-4653-af60-cde698ccd197'
2021-04-20 17:18:16,828 [INFO] C:\Users\Shilpa Bundela\Desktop\Rachit\Projects\Django\Django_User_Authentication\blogs\mixin.py changed, reloading.
2021-04-20 17:18:22,223 [INFO] blog details of '3b97bb92-be6e-4653-af60-cde698ccd197'
2021-04-20 17:18:47,644 [INFO] blog details of '3b97bb92-be6e-4653-af60-cde698ccd197'
2021-04-20 17:19:50,163 [INFO] C:\Users\Shilpa Bundela\Desktop\Rachit\Projects\Django\Django_User_Authentication\blogs\mixin.py changed, reloading.
2021-04-20 17:34:33,402 [INFO] blog details of '3b97bb92-be6e-4653-af60-cde698ccd197'
2021-04-20 17:34:53,257 [WARNING] Bad Request: /blogs/e3673499-cedc-468d-b45e-f6d083c7dc2a/all_activity/
2021-04-20 17:35:17,059 [INFO] C:\Users\Shilpa Bundela\Desktop\Rachit\Projects\Django\Django_User_Authentication\blogs\viewsets.py changed, reloading.
2021-04-20 17:35:50,913 [INFO] C:\Users\Shilpa Bundela\Desktop\Rachit\Projects\Django\Django_User_Authentication\blogs\viewsets.py changed, reloading.
2021-04-20 17:35:59,460 [WARNING] Bad Request: /blogs/e3673499-cedc-468d-b45e-f6d083c7dc2a/all_activity/
2021-04-20 17:37:16,886 [INFO] C:\Users\Shilpa Bundela\Desktop\Rachit\Projects\Django\Django_User_Authentication\blogs\viewsets.py changed, reloading.
2021-04-20 17:37:51,039 [INFO] C:\Users\Shilpa Bundela\Desktop\Rachit\Projects\Django\Django_User_Authentication\blogs\viewsets.py changed, reloading.
2021-04-20 17:38:25,123 [INFO] disliked on blog with uid = '3b97bb92-be6e-4653-af60-cde698ccd197'
2021-04-20 17:38:32,583 [INFO] liked on blog with uid = '3b97bb92-be6e-4653-af60-cde698ccd197'
2021-04-20 18:25:30,831 [INFO] all likes of blog with uid = '3b97bb92-be6e-4653-af60-cde698ccd197'
2021-04-20 18:30:06,394 [INFO] C:\Users\Shilpa Bundela\Desktop\Rachit\Projects\Django\Django_User_Authentication\blogs\viewsets.py changed, reloading.
2021-04-20 18:35:03,497 [INFO] C:\Users\Shilpa Bundela\Desktop\Rachit\Projects\Django\Django_User_Authentication\blogs\viewsets.py changed, reloading.
2021-04-20 18:35:18,835 [INFO] all likes of blog with uid = '3b97bb92-be6e-4653-af60-cde698ccd197'
2021-04-20 18:35:31,227 [INFO] C:\Users\Shilpa Bundela\Desktop\Rachit\Projects\Django\Django_User_Authentication\blogs\viewsets.py changed, reloading.
2021-04-20 18:35:34,802 [INFO] all likes of blog with uid = '3b97bb92-be6e-4653-af60-cde698ccd197'
2021-04-20 18:40:11,474 [INFO] all likes of blog with uid = '3b97bb92-be6e-4653-af60-cde698ccd197'
2021-04-20 18:41:32,310 [INFO] C:\Users\Shilpa Bundela\Desktop\Rachit\Projects\Django\Django_User_Authentication\blogs\viewsets.py changed, reloading.
2021-04-20 18:44:24,839 [INFO] list of blogs for the user 'e3673499-cedc-468d-b45e-f6d083c7dc2a'
2021-04-20 18:47:42,378 [WARNING] Not Found: /admin/main/
2021-04-20 18:47:43,409 [WARNING] Not Found: /favicon.ico
2021-04-20 18:47:48,993 [WARNING] Not Found: /admin/main/
2021-04-21 10:44:09,297 [WARNING] Bad Request: /blogs/e3673499-cedc-468d-b45e-f6d083c7dc2a/all_activity/
2021-04-21 10:44:22,639 [INFO] C:\Users\Shilpa Bundela\Desktop\Rachit\Projects\Django\Django_User_Authentication\blogs\viewsets.py changed, reloading.
2021-04-21 10:44:36,869 [INFO] C:\Users\Shilpa Bundela\Desktop\Rachit\Projects\Django\Django_User_Authentication\blogs\viewsets.py changed, reloading.
2021-04-21 11:06:28,063 [INFO] C:\Users\Shilpa Bundela\Desktop\Rachit\Projects\Django\Django_User_Authentication\authentication\serializers.py changed, reloading.
2021-04-21 11:07:37,468 [INFO] C:\Users\Shilpa Bundela\Desktop\Rachit\Projects\Django\Django_User_Authentication\blogs\serializers.py changed, reloading.
2021-04-21 11:08:48,848 [INFO] C:\Users\Shilpa Bundela\Desktop\Rachit\Projects\Django\Django_User_Authentication\blogs\viewsets.py changed, reloading.
2021-04-21 11:09:17,802 [INFO] all likes of blog with uid = '3b97bb92-be6e-4653-af60-cde698ccd197'
2021-04-21 11:09:17,830 [WARNING] Bad Request: /blogs/3b97bb92-be6e-4653-af60-cde698ccd197/get_all_likes/
2021-04-21 11:09:36,979 [INFO] C:\Users\Shilpa Bundela\Desktop\Rachit\Projects\Django\Django_User_Authentication\blogs\viewsets.py changed, reloading.
2021-04-21 11:10:43,634 [INFO] all likes of blog with uid = '3b97bb92-be6e-4653-af60-cde698ccd197'
2021-04-21 11:11:57,346 [INFO] C:\Users\Shilpa Bundela\Desktop\Rachit\Projects\Django\Django_User_Authentication\blogs\viewsets.py changed, reloading.
2021-04-21 11:13:13,928 [INFO] C:\Users\Shilpa Bundela\Desktop\Rachit\Projects\Django\Django_User_Authentication\blogs\serializers.py changed, reloading.
2021-04-21 11:13:57,456 [INFO] C:\Users\Shilpa Bundela\Desktop\Rachit\Projects\Django\Django_User_Authentication\blogs\serializers.py changed, reloading.
2021-04-21 11:14:22,715 [INFO] C:\Users\Shilpa Bundela\Desktop\Rachit\Projects\Django\Django_User_Authentication\blogs\serializers.py changed, reloading.
2021-04-21 11:15:41,671 [INFO] C:\Users\Shilpa Bundela\Desktop\Rachit\Projects\Django\Django_User_Authentication\blogs\serializers.py changed, reloading.
2021-04-21 11:16:19,510 [INFO] C:\Users\Shilpa Bundela\Desktop\Rachit\Projects\Django\Django_User_Authentication\blogs\viewsets.py changed, reloading.
2021-04-21 11:18:15,830 [INFO] C:\Users\Shilpa Bundela\Desktop\Rachit\Projects\Django\Django_User_Authentication\authentication\serializers.py changed, reloading.
2021-04-21 11:19:11,578 [INFO] C:\Users\Shilpa Bundela\Desktop\Rachit\Projects\Django\Django_User_Authentication\blogs\serializers.py changed, reloading.
2021-04-21 11:19:34,178 [INFO] all likes of blog with uid = '3b97bb92-be6e-4653-af60-cde698ccd197'
2021-04-21 11:20:20,427 [INFO] C:\Users\Shilpa Bundela\Desktop\Rachit\Projects\Django\Django_User_Authentication\blogs\serializers.py changed, reloading.
2021-04-21 11:20:35,729 [INFO] all likes of blog with uid = '3b97bb92-be6e-4653-af60-cde698ccd197'
2021-04-21 11:20:57,141 [INFO] C:\Users\Shilpa Bundela\Desktop\Rachit\Projects\Django\Django_User_Authentication\authentication\serializers.py changed, reloading.
2021-04-21 11:21:02,759 [INFO] all likes of blog with uid = '3b97bb92-be6e-4653-af60-cde698ccd197'
2021-04-21 11:21:23,761 [INFO] C:\Users\Shilpa Bundela\Desktop\Rachit\Projects\Django\Django_User_Authentication\blogs\serializers.py changed, reloading.
2021-04-21 11:21:46,463 [INFO] all likes of blog with uid = '3b97bb92-be6e-4653-af60-cde698ccd197'
2021-04-21 11:26:26,718 [INFO] C:\Users\Shilpa Bundela\Desktop\Rachit\Projects\Django\Django_User_Authentication\blogs\views.py changed, reloading.
2021-04-21 11:27:31,103 [INFO] C:\Users\Shilpa Bundela\Desktop\Rachit\Projects\Django\Django_User_Authentication\blogs\mixin.py changed, reloading.
2021-04-21 11:28:13,397 [WARNING] Bad Request: /blogs/3b97bb92-be6e-4653-af60-cde698ccd197/comment/
2021-04-21 11:30:32,587 [INFO] C:\Users\Shilpa Bundela\Desktop\Rachit\Projects\Django\Django_User_Authentication\blogs\viewsets.py changed, reloading.
2021-04-21 11:30:37,089 [WARNING] Bad Request: /blogs/3b97bb92-be6e-4653-af60-cde698ccd197/comment/
2021-04-21 11:31:56,036 [INFO] C:\Users\Shilpa Bundela\Desktop\Rachit\Projects\Django\Django_User_Authentication\blogs\mixin.py changed, reloading.
2021-04-21 11:32:00,122 [WARNING] Bad Request: /blogs/3b97bb92-be6e-4653-af60-cde698ccd197/comment/
2021-04-21 11:32:22,415 [WARNING] Bad Request: /blogs/3b97bb92-be6e-4653-af60-cde698ccd197/comment/
2021-04-21 11:32:33,961 [INFO] C:\Users\Shilpa Bundela\Desktop\Rachit\Projects\Django\Django_User_Authentication\blogs\mixin.py changed, reloading.
2021-04-21 11:33:03,852 [INFO] C:\Users\Shilpa Bundela\Desktop\Rachit\Projects\Django\Django_User_Authentication\blogs\mixin.py changed, reloading.
2021-04-21 11:33:21,418 [WARNING] Bad Request: /blogs/3b97bb92-be6e-4653-af60-cde698ccd197/comment/
2021-04-21 11:34:37,969 [INFO] C:\Users\Shilpa Bundela\Desktop\Rachit\Projects\Django\Django_User_Authentication\blogs\mixin.py changed, reloading.
2021-04-21 11:34:53,021 [INFO] C:\Users\Shilpa Bundela\Desktop\Rachit\Projects\Django\Django_User_Authentication\blogs\views.py changed, reloading.
2021-04-21 11:36:51,557 [INFO] C:\Users\Shilpa Bundela\Desktop\Rachit\Projects\Django\Django_User_Authentication\authentication\serializers.py changed, reloading.
2021-04-21 11:37:04,373 [WARNING] Forbidden (CSRF cookie not set.): /blogs/3b97bb92-be6e-4653-af60-cde698ccd197/get_all_likes
2021-04-21 11:37:11,572 [INFO] all likes of blog with uid = '3b97bb92-be6e-4653-af60-cde698ccd197'
2021-04-21 11:37:53,706 [INFO] C:\Users\Shilpa Bundela\Desktop\Rachit\Projects\Django\Django_User_Authentication\blogs\viewsets.py changed, reloading.
2021-04-21 11:38:31,781 [INFO] all comments of blog with uid = '3b97bb92-be6e-4653-af60-cde698ccd197'
2021-04-21 11:38:37,436 [INFO] all comments of blog with uid = '3b97bb92-be6e-4653-af60cde698ccd197'
2021-04-21 11:38:42,050 [WARNING] Bad Request: /blogs/3b97bb92-be6e-4653-af60cde97/get_all_comments/
2021-04-21 11:39:03,561 [INFO] C:\Users\Shilpa Bundela\Desktop\Rachit\Projects\Django\Django_User_Authentication\blogs\viewsets.py changed, reloading.
2021-04-21 11:40:37,555 [INFO] C:\Users\Shilpa Bundela\Desktop\Rachit\Projects\Django\Django_User_Authentication\blogs\viewsets.py changed, reloading.
2021-04-21 11:42:04,884 [INFO] C:\Users\Shilpa Bundela\Desktop\Rachit\Projects\Django\Django_User_Authentication\blogs\viewsets.py changed, reloading.
2021-04-21 11:43:08,781 [INFO] C:\Users\Shilpa Bundela\Desktop\Rachit\Projects\Django\Django_User_Authentication\blogs\mixin.py changed, reloading.
2021-04-21 13:59:00,704 [INFO] C:\Users\Shilpa Bundela\Desktop\Rachit\Projects\Django\Django_User_Authentication\blogs\viewsets.py changed, reloading2021-04-21 14:02:00,076 [INFO] all likes of blog with uid = '3b97bb92-be6e-4653-af60-cde698ccd197'
2021-04-21 14:02:20,844 [INFO] blog details of '3b97bb92-be6e-4653-af60-cde698ccd197'
2021-04-21 14:02:38,446 [INFO] list of blogs for the user 'e3673499-cedc-468d-b45e-f6d083c7dc2a'
2021-04-21 14:02:46,502 [INFO] list of blogs for the user 'e3673499-cedc-468d-b45e-f6d083c7dc2a'
2021-04-21 14:03:56,333 [INFO] list of blogs for the user 'e3673499-cedc-468d-b45e-f6d083c7dc2a'
2021-04-21 14:04:06,163 [INFO] blog created with uid '08dfa694-363e-41a8-a20b-0812b4fb9f91'
2021-04-21 14:04:59,191 [INFO] blog created with uid '5e32383b-6e36-447d-bd89-2ea961790d26'
2021-04-21 14:05:48,502 [INFO] all likes of blog with uid = '5e32383b-6e36-447d-bd89-2ea961790d26'
2021-04-21 14:06:00,784 [INFO] liked on blog with uid = '5e32383b-6e36-447d-bd89-2ea961790d26'
2021-04-21 14:06:06,522 [INFO] all likes of blog with uid = '5e32383b-6e36-447d-bd89-2ea961790d26'
2021-04-21 14:06:32,967 [ERROR] Internal Server Error: /blogs/tags/python/
Traceback (most recent call last):
  File "C:\Users\Shilpa Bundela\AppData\Local\Programs\Python\Python37\lib\site-packages\django\core\handlers\exception.py", line 34, in inner
    response = get_response(request)
  File "C:\Users\Shilpa Bundela\AppData\Local\Programs\Python\Python37\lib\site-packages\django\core\handlers\base.py", line 115, in _get_response
    response = self.process_exception_by_middleware(e, request)
  File "C:\Users\Shilpa Bundela\AppData\Local\Programs\Python\Python37\lib\site-packages\django\core\handlers\base.py", line 113, in _get_response
    response = wrapped_callback(request, *callback_args, **callback_kwargs)
  File "C:\Users\Shilpa Bundela\AppData\Local\Programs\Python\Python37\lib\site-packages\django\views\decorators\csrf.py", line 54, in wrapped_view
    return view_func(*args, **kwargs)
  File "C:\Users\Shilpa Bundela\AppData\Local\Programs\Python\Python37\lib\site-packages\rest_framework\viewsets.py", line 125, in view
    return self.dispatch(request, *args, **kwargs)
  File "C:\Users\Shilpa Bundela\AppData\Local\Programs\Python\Python37\lib\site-packages\rest_framework\views.py", line 509, in dispatch
    response = self.handle_exception(exc)
  File "C:\Users\Shilpa Bundela\AppData\Local\Programs\Python\Python37\lib\site-packages\rest_framework\views.py", line 469, in handle_exception
    self.raise_uncaught_exception(exc)
  File "C:\Users\Shilpa Bundela\AppData\Local\Programs\Python\Python37\lib\site-packages\rest_framework\views.py", line 480, in raise_uncaught_exception
    raise exc
  File "C:\Users\Shilpa Bundela\AppData\Local\Programs\Python\Python37\lib\site-packages\rest_framework\views.py", line 506, in dispatch
    response = handler(request, *args, **kwargs)
  File "C:\Users\Shilpa Bundela\Desktop\Rachit\Projects\Django\Django_User_Authentication\blogs\viewsets.py", line 109, in tags_search
    logging.info("Tag search with tag '%s'", str(kwargs.pop('tag')))
KeyError: 'tag'
2021-04-21 14:06:38,764 [WARNING] Not Found: /blogs/tag/python/
2021-04-21 14:07:19,872 [ERROR] Internal Server Error: /blogs/tags/python/
Traceback (most recent call last):
  File "C:\Users\Shilpa Bundela\AppData\Local\Programs\Python\Python37\lib\site-packages\django\core\handlers\exception.py", line 34, in inner
    response = get_response(request)
  File "C:\Users\Shilpa Bundela\AppData\Local\Programs\Python\Python37\lib\site-packages\django\core\handlers\base.py", line 115, in _get_response
    response = self.process_exception_by_middleware(e, request)
  File "C:\Users\Shilpa Bundela\AppData\Local\Programs\Python\Python37\lib\site-packages\django\core\handlers\base.py", line 113, in _get_response
    response = wrapped_callback(request, *callback_args, **callback_kwargs)
  File "C:\Users\Shilpa Bundela\AppData\Local\Programs\Python\Python37\lib\site-packages\django\views\decorators\csrf.py", line 54, in wrapped_view
    return view_func(*args, **kwargs)
  File "C:\Users\Shilpa Bundela\AppData\Local\Programs\Python\Python37\lib\site-packages\rest_framework\viewsets.py", line 125, in view
    return self.dispatch(request, *args, **kwargs)
  File "C:\Users\Shilpa Bundela\AppData\Local\Programs\Python\Python37\lib\site-packages\rest_framework\views.py", line 509, in dispatch
    response = self.handle_exception(exc)
  File "C:\Users\Shilpa Bundela\AppData\Local\Programs\Python\Python37\lib\site-packages\rest_framework\views.py", line 469, in handle_exception
    self.raise_uncaught_exception(exc)
  File "C:\Users\Shilpa Bundela\AppData\Local\Programs\Python\Python37\lib\site-packages\rest_framework\views.py", line 480, in raise_uncaught_exception
    raise exc
  File "C:\Users\Shilpa Bundela\AppData\Local\Programs\Python\Python37\lib\site-packages\rest_framework\views.py", line 506, in dispatch
    response = handler(request, *args, **kwargs)
  File "C:\Users\Shilpa Bundela\Desktop\Rachit\Projects\Django\Django_User_Authentication\blogs\viewsets.py", line 109, in tags_search
    logging.info("Tag search with tag '%s'", str(kwargs.pop('tag')))
KeyError: 'tag'
2021-04-21 14:07:50,058 [WARNING] Not Found: /blogs/tags_search/python/
2021-04-21 14:08:13,332 [WARNING] Not Found: /blogs/python/tags_search
2021-04-21 14:08:14,920 [WARNING] Not Found: /blogs/python/tags_search/
2021-04-21 14:08:28,476 [ERROR] Internal Server Error: /blogs/tags/python/
Traceback (most recent call last):
  File "C:\Users\Shilpa Bundela\AppData\Local\Programs\Python\Python37\lib\site-packages\django\core\handlers\exception.py", line 34, in inner
    response = get_response(request)
  File "C:\Users\Shilpa Bundela\AppData\Local\Programs\Python\Python37\lib\site-packages\django\core\handlers\base.py", line 115, in _get_response
    response = self.process_exception_by_middleware(e, request)
  File "C:\Users\Shilpa Bundela\AppData\Local\Programs\Python\Python37\lib\site-packages\django\core\handlers\base.py", line 113, in _get_response
    response = wrapped_callback(request, *callback_args, **callback_kwargs)
  File "C:\Users\Shilpa Bundela\AppData\Local\Programs\Python\Python37\lib\site-packages\django\views\decorators\csrf.py", line 54, in wrapped_view
    return view_func(*args, **kwargs)
  File "C:\Users\Shilpa Bundela\AppData\Local\Programs\Python\Python37\lib\site-packages\rest_framework\viewsets.py", line 125, in view
    return self.dispatch(request, *args, **kwargs)
  File "C:\Users\Shilpa Bundela\AppData\Local\Programs\Python\Python37\lib\site-packages\rest_framework\views.py", line 509, in dispatch
    response = self.handle_exception(exc)
  File "C:\Users\Shilpa Bundela\AppData\Local\Programs\Python\Python37\lib\site-packages\rest_framework\views.py", line 469, in handle_exception
    self.raise_uncaught_exception(exc)
  File "C:\Users\Shilpa Bundela\AppData\Local\Programs\Python\Python37\lib\site-packages\rest_framework\views.py", line 480, in raise_uncaught_exception
    raise exc
  File "C:\Users\Shilpa Bundela\AppData\Local\Programs\Python\Python37\lib\site-packages\rest_framework\views.py", line 506, in dispatch
    response = handler(request, *args, **kwargs)
  File "C:\Users\Shilpa Bundela\Desktop\Rachit\Projects\Django\Django_User_Authentication\blogs\viewsets.py", line 109, in tags_search
    logging.info("Tag search with tag '%s'", str(kwargs.pop('tag')))
KeyError: 'tag'
2021-04-21 14:08:34,439 [WARNING] Not Found: /blogs/tags/python
2021-04-21 14:08:36,795 [ERROR] Internal Server Error: /blogs/tags/python/
Traceback (most recent call last):
  File "C:\Users\Shilpa Bundela\AppData\Local\Programs\Python\Python37\lib\site-packages\django\core\handlers\exception.py", line 34, in inner
    response = get_response(request)
  File "C:\Users\Shilpa Bundela\AppData\Local\Programs\Python\Python37\lib\site-packages\django\core\handlers\base.py", line 115, in _get_response
    response = self.process_exception_by_middleware(e, request)
  File "C:\Users\Shilpa Bundela\AppData\Local\Programs\Python\Python37\lib\site-packages\django\core\handlers\base.py", line 113, in _get_response
    response = wrapped_callback(request, *callback_args, **callback_kwargs)
  File "C:\Users\Shilpa Bundela\AppData\Local\Programs\Python\Python37\lib\site-packages\django\views\decorators\csrf.py", line 54, in wrapped_view
    return view_func(*args, **kwargs)
  File "C:\Users\Shilpa Bundela\AppData\Local\Programs\Python\Python37\lib\site-packages\rest_framework\viewsets.py", line 125, in view
    return self.dispatch(request, *args, **kwargs)
  File "C:\Users\Shilpa Bundela\AppData\Local\Programs\Python\Python37\lib\site-packages\rest_framework\views.py", line 509, in dispatch
    response = self.handle_exception(exc)
  File "C:\Users\Shilpa Bundela\AppData\Local\Programs\Python\Python37\lib\site-packages\rest_framework\views.py", line 469, in handle_exception
    self.raise_uncaught_exception(exc)
  File "C:\Users\Shilpa Bundela\AppData\Local\Programs\Python\Python37\lib\site-packages\rest_framework\views.py", line 480, in raise_uncaught_exception
    raise exc
  File "C:\Users\Shilpa Bundela\AppData\Local\Programs\Python\Python37\lib\site-packages\rest_framework\views.py", line 506, in dispatch
    response = handler(request, *args, **kwargs)
  File "C:\Users\Shilpa Bundela\Desktop\Rachit\Projects\Django\Django_User_Authentication\blogs\viewsets.py", line 109, in tags_search
    logging.info("Tag search with tag '%s'", str(kwargs.pop('tag')))
KeyError: 'tag'
2021-04-21 14:09:31,830 [INFO] list of blogs for the user 'e3673499-cedc-468d-b45e-f6d083c7dc2a'
2021-04-21 14:09:41,254 [WARNING] Not Found: /blogs/tags/python
2021-04-21 14:09:43,163 [ERROR] Internal Server Error: /blogs/tags/python/
Traceback (most recent call last):
  File "C:\Users\Shilpa Bundela\AppData\Local\Programs\Python\Python37\lib\site-packages\django\core\handlers\exception.py", line 34, in inner
    response = get_response(request)
  File "C:\Users\Shilpa Bundela\AppData\Local\Programs\Python\Python37\lib\site-packages\django\core\handlers\base.py", line 115, in _get_response
    response = self.process_exception_by_middleware(e, request)
  File "C:\Users\Shilpa Bundela\AppData\Local\Programs\Python\Python37\lib\site-packages\django\core\handlers\base.py", line 113, in _get_response
    response = wrapped_callback(request, *callback_args, **callback_kwargs)
  File "C:\Users\Shilpa Bundela\AppData\Local\Programs\Python\Python37\lib\site-packages\django\views\decorators\csrf.py", line 54, in wrapped_view
    return view_func(*args, **kwargs)
  File "C:\Users\Shilpa Bundela\AppData\Local\Programs\Python\Python37\lib\site-packages\rest_framework\viewsets.py", line 125, in view
    return self.dispatch(request, *args, **kwargs)
  File "C:\Users\Shilpa Bundela\AppData\Local\Programs\Python\Python37\lib\site-packages\rest_framework\views.py", line 509, in dispatch
    response = self.handle_exception(exc)
  File "C:\Users\Shilpa Bundela\AppData\Local\Programs\Python\Python37\lib\site-packages\rest_framework\views.py", line 469, in handle_exception
    self.raise_uncaught_exception(exc)
  File "C:\Users\Shilpa Bundela\AppData\Local\Programs\Python\Python37\lib\site-packages\rest_framework\views.py", line 480, in raise_uncaught_exception
    raise exc
  File "C:\Users\Shilpa Bundela\AppData\Local\Programs\Python\Python37\lib\site-packages\rest_framework\views.py", line 506, in dispatch
    response = handler(request, *args, **kwargs)
  File "C:\Users\Shilpa Bundela\Desktop\Rachit\Projects\Django\Django_User_Authentication\blogs\viewsets.py", line 109, in tags_search
    logging.info("Tag search with tag '%s'", str(kwargs.pop('tag')))
KeyError: 'tag'
2021-04-21 14:09:59,206 [INFO] C:\Users\Shilpa Bundela\Desktop\Rachit\Projects\Django\Django_User_Authentication\blogs\viewsets.py changed, reloading.
2021-04-21 14:11:32,235 [INFO] C:\Users\Shilpa Bundela\Desktop\Rachit\Projects\Django\Django_User_Authentication\blogs\viewsets.py changed, reloading.
2021-04-21 14:11:37,655 [INFO] C:\Users\Shilpa Bundela\Desktop\Rachit\Projects\Django\Django_User_Authentication\blogs\viewsets.py changed, reloading.
2021-04-21 14:11:44,959 [ERROR] Internal Server Error: /blogs/tags/python/
Traceback (most recent call last):
  File "C:\Users\Shilpa Bundela\AppData\Local\Programs\Python\Python37\lib\site-packages\django\core\handlers\exception.py", line 34, in inner
    response = get_response(request)
  File "C:\Users\Shilpa Bundela\AppData\Local\Programs\Python\Python37\lib\site-packages\django\core\handlers\base.py", line 115, in _get_response
    response = self.process_exception_by_middleware(e, request)
  File "C:\Users\Shilpa Bundela\AppData\Local\Programs\Python\Python37\lib\site-packages\django\core\handlers\base.py", line 113, in _get_response
    response = wrapped_callback(request, *callback_args, **callback_kwargs)
  File "C:\Users\Shilpa Bundela\AppData\Local\Programs\Python\Python37\lib\site-packages\django\views\decorators\csrf.py", line 54, in wrapped_view
    return view_func(*args, **kwargs)
  File "C:\Users\Shilpa Bundela\AppData\Local\Programs\Python\Python37\lib\site-packages\rest_framework\viewsets.py", line 125, in view
    return self.dispatch(request, *args, **kwargs)
  File "C:\Users\Shilpa Bundela\AppData\Local\Programs\Python\Python37\lib\site-packages\rest_framework\views.py", line 509, in dispatch
    response = self.handle_exception(exc)
  File "C:\Users\Shilpa Bundela\AppData\Local\Programs\Python\Python37\lib\site-packages\rest_framework\views.py", line 469, in handle_exception
    self.raise_uncaught_exception(exc)
  File "C:\Users\Shilpa Bundela\AppData\Local\Programs\Python\Python37\lib\site-packages\rest_framework\views.py", line 480, in raise_uncaught_exception
    raise exc
  File "C:\Users\Shilpa Bundela\AppData\Local\Programs\Python\Python37\lib\site-packages\rest_framework\views.py", line 506, in dispatch
    response = handler(request, *args, **kwargs)
  File "C:\Users\Shilpa Bundela\Desktop\Rachit\Projects\Django\Django_User_Authentication\blogs\viewsets.py", line 107, in tags_search
    queryset = queryset.filter(tags__name = kwargs('tag'))
TypeError: 'dict' object is not callable
2021-04-21 14:11:52,965 [INFO] C:\Users\Shilpa Bundela\Desktop\Rachit\Projects\Django\Django_User_Authentication\blogs\viewsets.py changed, reloading.
2021-04-21 14:12:36,370 [INFO] C:\Users\Shilpa Bundela\Desktop\Rachit\Projects\Django\Django_User_Authentication\blogs\viewsets.py changed, reloading.
2021-04-21 14:12:41,456 [INFO] Tag search with tag 'python'
2021-04-21 14:13:15,107 [INFO] Tag search with tag 'python'
2021-04-21 14:15:41,974 [INFO] C:\Users\Shilpa Bundela\Desktop\Rachit\Projects\Django\Django_User_Authentication\blogs\serializers.py changed, reloading.
2021-04-21 14:16:34,870 [WARNING] Method Not Allowed: /blogs/e3673499-cedc-468d-b45e-f6d083c7dc2a/
2021-04-21 14:16:40,789 [ERROR] Internal Server Error: /blogs/e3673499-cedc-468d-b45e-f6d083c7dc2a/
Traceback (most recent call last):
  File "C:\Users\Shilpa Bundela\AppData\Local\Programs\Python\Python37\lib\site-packages\django\core\handlers\exception.py", line 34, in inner
    response = get_response(request)
  File "C:\Users\Shilpa Bundela\AppData\Local\Programs\Python\Python37\lib\site-packages\django\core\handlers\base.py", line 115, in _get_response
    response = self.process_exception_by_middleware(e, request)
  File "C:\Users\Shilpa Bundela\AppData\Local\Programs\Python\Python37\lib\site-packages\django\core\handlers\base.py", line 113, in _get_response
    response = wrapped_callback(request, *callback_args, **callback_kwargs)
  File "C:\Users\Shilpa Bundela\AppData\Local\Programs\Python\Python37\lib\site-packages\django\views\decorators\csrf.py", line 54, in wrapped_view
    return view_func(*args, **kwargs)
  File "C:\Users\Shilpa Bundela\AppData\Local\Programs\Python\Python37\lib\site-packages\rest_framework\viewsets.py", line 125, in view
    return self.dispatch(request, *args, **kwargs)
  File "C:\Users\Shilpa Bundela\AppData\Local\Programs\Python\Python37\lib\site-packages\rest_framework\views.py", line 509, in dispatch
    response = self.handle_exception(exc)
  File "C:\Users\Shilpa Bundela\AppData\Local\Programs\Python\Python37\lib\site-packages\rest_framework\views.py", line 469, in handle_exception
    self.raise_uncaught_exception(exc)
  File "C:\Users\Shilpa Bundela\AppData\Local\Programs\Python\Python37\lib\site-packages\rest_framework\views.py", line 480, in raise_uncaught_exception
    raise exc
  File "C:\Users\Shilpa Bundela\AppData\Local\Programs\Python\Python37\lib\site-packages\rest_framework\views.py", line 506, in dispatch
    response = handler(request, *args, **kwargs)
  File "C:\Users\Shilpa Bundela\Desktop\Rachit\Projects\Django\Django_User_Authentication\blogs\viewsets.py", line 69, in update
    blog = self.model_class.objects.get(uid = pk)
  File "C:\Users\Shilpa Bundela\AppData\Local\Programs\Python\Python37\lib\site-packages\django\db\models\manager.py", line 82, in manager_method
    return getattr(self.get_queryset(), name)(*args, **kwargs)
  File "C:\Users\Shilpa Bundela\AppData\Local\Programs\Python\Python37\lib\site-packages\django\db\models\query.py", line 417, in get
    self.model._meta.object_name
blogs.models.Blogs.DoesNotExist: Blogs matching query does not exist.
2021-04-21 14:18:19,581 [WARNING] Forbidden (CSRF cookie not set.): /blogs/tags_search/python/
2021-04-21 14:18:25,036 [WARNING] Method Not Allowed: /blogs/tags/python/
2021-04-21 14:18:28,717 [INFO] Tag search with tag 'python'
2021-04-21 14:29:47,048 [INFO] list of blogs for the user 'e3673499-cedc-468d-b45e-f6d083c7dc2a'
2021-04-21 14:29:58,722 [INFO] list of blogs for the user 'e3673499-cedc-468d-b45e-f6d083c7dc2a'
2021-04-21 14:30:21,667 [INFO] list of blogs for the user 'e3673499-cedc-468d-b45e-f6d083c7dc2a'
2021-04-21 14:31:13,748 [INFO] blog created with uid '7bbd68cd-9b04-42e7-94c7-cdbb72ae9212'
2021-04-21 14:31:46,680 [WARNING] Method Not Allowed: /blogs/
2021-04-21 14:34:36,786 [INFO] list of blogs for the user 'e3673499-cedc-468d-b45e-f6d083c7dc2a'
2021-04-21 14:37:15,523 [INFO] blog created with uid '6dfbea37-b6ce-4a05-bb2c-255041722d04'
2021-04-21 14:37:56,979 [INFO] blog updated with uid '6dfbea37-b6ce-4a05-bb2c-255041722d04'
2021-04-21 14:38:40,793 [INFO] all likes of blog with uid = '6dfbea37-b6ce-4a05-bb2c-255041722d04'
2021-04-21 14:38:50,124 [INFO] liked on blog with uid = '6dfbea37-b6ce-4a05-bb2c-255041722d04'
2021-04-21 14:38:55,840 [INFO] all likes of blog with uid = '6dfbea37-b6ce-4a05-bb2c-255041722d04'
2021-04-21 14:40:04,144 [INFO] Tag search with tag 'ios'
2021-04-22 12:37:22,886 [ERROR] Internal Server Error: /blogs/learderboard/
Traceback (most recent call last):
  File "C:\Users\Shilpa Bundela\AppData\Local\Programs\Python\Python37\lib\site-packages\django\db\models\fields\__init__.py", line 2313, in to_python
    return uuid.UUID(**{input_form: value})
  File "C:\Users\Shilpa Bundela\AppData\Local\Programs\Python\Python37\lib\uuid.py", line 160, in __init__
    raise ValueError('badly formed hexadecimal UUID string')
ValueError: badly formed hexadecimal UUID string

During handling of the above exception, another exception occurred:

Traceback (most recent call last):
  File "C:\Users\Shilpa Bundela\AppData\Local\Programs\Python\Python37\lib\site-packages\django\core\handlers\exception.py", line 34, in inner
    response = get_response(request)
  File "C:\Users\Shilpa Bundela\AppData\Local\Programs\Python\Python37\lib\site-packages\django\core\handlers\base.py", line 115, in _get_response
    response = self.process_exception_by_middleware(e, request)
  File "C:\Users\Shilpa Bundela\AppData\Local\Programs\Python\Python37\lib\site-packages\django\core\handlers\base.py", line 113, in _get_response
    response = wrapped_callback(request, *callback_args, **callback_kwargs)
  File "C:\Users\Shilpa Bundela\AppData\Local\Programs\Python\Python37\lib\site-packages\django\views\decorators\csrf.py", line 54, in wrapped_view
    return view_func(*args, **kwargs)
  File "C:\Users\Shilpa Bundela\AppData\Local\Programs\Python\Python37\lib\site-packages\rest_framework\viewsets.py", line 125, in view
    return self.dispatch(request, *args, **kwargs)
  File "C:\Users\Shilpa Bundela\AppData\Local\Programs\Python\Python37\lib\site-packages\rest_framework\views.py", line 509, in dispatch
    response = self.handle_exception(exc)
  File "C:\Users\Shilpa Bundela\AppData\Local\Programs\Python\Python37\lib\site-packages\rest_framework\views.py", line 469, in handle_exception
    self.raise_uncaught_exception(exc)
  File "C:\Users\Shilpa Bundela\AppData\Local\Programs\Python\Python37\lib\site-packages\rest_framework\views.py", line 480, in raise_uncaught_exception
    raise exc
  File "C:\Users\Shilpa Bundela\AppData\Local\Programs\Python\Python37\lib\site-packages\rest_framework\views.py", line 506, in dispatch
    response = handler(request, *args, **kwargs)
  File "C:\Users\Shilpa Bundela\Desktop\Rachit\Projects\Django\user_blogs\blogs\viewsets.py", line 38, in retrieve
    blog = get_object_or_404(queryset, pk=pk)
  File "C:\Users\Shilpa Bundela\AppData\Local\Programs\Python\Python37\lib\site-packages\django\shortcuts.py", line 76, in get_object_or_404
    return queryset.get(*args, **kwargs)
  File "C:\Users\Shilpa Bundela\AppData\Local\Programs\Python\Python37\lib\site-packages\django\db\models\query.py", line 404, in get
    clone = self._chain() if self.query.combinator else self.filter(*args, **kwargs)
  File "C:\Users\Shilpa Bundela\AppData\Local\Programs\Python\Python37\lib\site-packages\django\db\models\query.py", line 904, in filter
    return self._filter_or_exclude(False, *args, **kwargs)
  File "C:\Users\Shilpa Bundela\AppData\Local\Programs\Python\Python37\lib\site-packages\django\db\models\query.py", line 923, in _filter_or_exclude
    clone.query.add_q(Q(*args, **kwargs))
  File "C:\Users\Shilpa Bundela\AppData\Local\Programs\Python\Python37\lib\site-packages\django\db\models\sql\query.py", line 1354, in add_q
    clause, _ = self._add_q(q_object, self.used_aliases)
  File "C:\Users\Shilpa Bundela\AppData\Local\Programs\Python\Python37\lib\site-packages\django\db\models\sql\query.py", line 1385, in _add_q
    check_filterable=check_filterable,
  File "C:\Users\Shilpa Bundela\AppData\Local\Programs\Python\Python37\lib\site-packages\django\db\models\sql\query.py", line 1315, in build_filter
    condition = self.build_lookup(lookups, col, value)
  File "C:\Users\Shilpa Bundela\AppData\Local\Programs\Python\Python37\lib\site-packages\django\db\models\sql\query.py", line 1169, in build_lookup
    lookup = lookup_class(lhs, rhs)
  File "C:\Users\Shilpa Bundela\AppData\Local\Programs\Python\Python37\lib\site-packages\django\db\models\lookups.py", line 22, in __init__
    self.rhs = self.get_prep_lookup()
  File "C:\Users\Shilpa Bundela\AppData\Local\Programs\Python\Python37\lib\site-packages\django\db\models\lookups.py", line 72, in get_prep_lookup
    return self.lhs.output_field.get_prep_value(self.rhs)
  File "C:\Users\Shilpa Bundela\AppData\Local\Programs\Python\Python37\lib\site-packages\django\db\models\fields\__init__.py", line 2297, in get_prep_value
    return self.to_python(value)
  File "C:\Users\Shilpa Bundela\AppData\Local\Programs\Python\Python37\lib\site-packages\django\db\models\fields\__init__.py", line 2318, in to_python
    params={'value': value},
django.core.exceptions.ValidationError: ['“learderboard” is not a valid UUID.']
2021-04-22 12:38:13,710 [INFO] C:\Users\Shilpa Bundela\Desktop\Rachit\Projects\Django\user_blogs\blogs\viewsets.py changed, reloading.
2021-04-22 12:38:16,858 [ERROR] Internal Server Error: /blogs/learderboard/
Traceback (most recent call last):
  File "C:\Users\Shilpa Bundela\AppData\Local\Programs\Python\Python37\lib\site-packages\django\db\models\fields\__init__.py", line 2313, in to_python
    return uuid.UUID(**{input_form: value})
  File "C:\Users\Shilpa Bundela\AppData\Local\Programs\Python\Python37\lib\uuid.py", line 160, in __init__
    raise ValueError('badly formed hexadecimal UUID string')
ValueError: badly formed hexadecimal UUID string

During handling of the above exception, another exception occurred:

Traceback (most recent call last):
  File "C:\Users\Shilpa Bundela\AppData\Local\Programs\Python\Python37\lib\site-packages\django\core\handlers\exception.py", line 34, in inner
    response = get_response(request)
  File "C:\Users\Shilpa Bundela\AppData\Local\Programs\Python\Python37\lib\site-packages\django\core\handlers\base.py", line 115, in _get_response
    response = self.process_exception_by_middleware(e, request)
  File "C:\Users\Shilpa Bundela\AppData\Local\Programs\Python\Python37\lib\site-packages\django\core\handlers\base.py", line 113, in _get_response
    response = wrapped_callback(request, *callback_args, **callback_kwargs)
  File "C:\Users\Shilpa Bundela\AppData\Local\Programs\Python\Python37\lib\site-packages\django\views\decorators\csrf.py", line 54, in wrapped_view
    return view_func(*args, **kwargs)
  File "C:\Users\Shilpa Bundela\AppData\Local\Programs\Python\Python37\lib\site-packages\rest_framework\viewsets.py", line 125, in view
    return self.dispatch(request, *args, **kwargs)
  File "C:\Users\Shilpa Bundela\AppData\Local\Programs\Python\Python37\lib\site-packages\rest_framework\views.py", line 509, in dispatch
    response = self.handle_exception(exc)
  File "C:\Users\Shilpa Bundela\AppData\Local\Programs\Python\Python37\lib\site-packages\rest_framework\views.py", line 469, in handle_exception
    self.raise_uncaught_exception(exc)
  File "C:\Users\Shilpa Bundela\AppData\Local\Programs\Python\Python37\lib\site-packages\rest_framework\views.py", line 480, in raise_uncaught_exception
    raise exc
  File "C:\Users\Shilpa Bundela\AppData\Local\Programs\Python\Python37\lib\site-packages\rest_framework\views.py", line 506, in dispatch
    response = handler(request, *args, **kwargs)
  File "C:\Users\Shilpa Bundela\Desktop\Rachit\Projects\Django\user_blogs\blogs\viewsets.py", line 38, in retrieve
    blog = get_object_or_404(queryset, pk=pk)
  File "C:\Users\Shilpa Bundela\AppData\Local\Programs\Python\Python37\lib\site-packages\django\shortcuts.py", line 76, in get_object_or_404
    return queryset.get(*args, **kwargs)
  File "C:\Users\Shilpa Bundela\AppData\Local\Programs\Python\Python37\lib\site-packages\django\db\models\query.py", line 404, in get
    clone = self._chain() if self.query.combinator else self.filter(*args, **kwargs)
  File "C:\Users\Shilpa Bundela\AppData\Local\Programs\Python\Python37\lib\site-packages\django\db\models\query.py", line 904, in filter
    return self._filter_or_exclude(False, *args, **kwargs)
  File "C:\Users\Shilpa Bundela\AppData\Local\Programs\Python\Python37\lib\site-packages\django\db\models\query.py", line 923, in _filter_or_exclude
    clone.query.add_q(Q(*args, **kwargs))
  File "C:\Users\Shilpa Bundela\AppData\Local\Programs\Python\Python37\lib\site-packages\django\db\models\sql\query.py", line 1354, in add_q
    clause, _ = self._add_q(q_object, self.used_aliases)
  File "C:\Users\Shilpa Bundela\AppData\Local\Programs\Python\Python37\lib\site-packages\django\db\models\sql\query.py", line 1385, in _add_q
    check_filterable=check_filterable,
  File "C:\Users\Shilpa Bundela\AppData\Local\Programs\Python\Python37\lib\site-packages\django\db\models\sql\query.py", line 1315, in build_filter
    condition = self.build_lookup(lookups, col, value)
  File "C:\Users\Shilpa Bundela\AppData\Local\Programs\Python\Python37\lib\site-packages\django\db\models\sql\query.py", line 1169, in build_lookup
    lookup = lookup_class(lhs, rhs)
  File "C:\Users\Shilpa Bundela\AppData\Local\Programs\Python\Python37\lib\site-packages\django\db\models\lookups.py", line 22, in __init__
    self.rhs = self.get_prep_lookup()
  File "C:\Users\Shilpa Bundela\AppData\Local\Programs\Python\Python37\lib\site-packages\django\db\models\lookups.py", line 72, in get_prep_lookup
    return self.lhs.output_field.get_prep_value(self.rhs)
  File "C:\Users\Shilpa Bundela\AppData\Local\Programs\Python\Python37\lib\site-packages\django\db\models\fields\__init__.py", line 2297, in get_prep_value
    return self.to_python(value)
  File "C:\Users\Shilpa Bundela\AppData\Local\Programs\Python\Python37\lib\site-packages\django\db\models\fields\__init__.py", line 2318, in to_python
    params={'value': value},
django.core.exceptions.ValidationError: ['“learderboard” is not a valid UUID.']
2021-04-22 12:38:27,528 [ERROR] Internal Server Error: /blogs/learderboard/
Traceback (most recent call last):
  File "C:\Users\Shilpa Bundela\AppData\Local\Programs\Python\Python37\lib\site-packages\django\db\models\fields\__init__.py", line 2313, in to_python
    return uuid.UUID(**{input_form: value})
  File "C:\Users\Shilpa Bundela\AppData\Local\Programs\Python\Python37\lib\uuid.py", line 160, in __init__
    raise ValueError('badly formed hexadecimal UUID string')
ValueError: badly formed hexadecimal UUID string

During handling of the above exception, another exception occurred:

Traceback (most recent call last):
  File "C:\Users\Shilpa Bundela\AppData\Local\Programs\Python\Python37\lib\site-packages\django\core\handlers\exception.py", line 34, in inner
    response = get_response(request)
  File "C:\Users\Shilpa Bundela\AppData\Local\Programs\Python\Python37\lib\site-packages\django\core\handlers\base.py", line 115, in _get_response
    response = self.process_exception_by_middleware(e, request)
  File "C:\Users\Shilpa Bundela\AppData\Local\Programs\Python\Python37\lib\site-packages\django\core\handlers\base.py", line 113, in _get_response
    response = wrapped_callback(request, *callback_args, **callback_kwargs)
  File "C:\Users\Shilpa Bundela\AppData\Local\Programs\Python\Python37\lib\site-packages\django\views\decorators\csrf.py", line 54, in wrapped_view
    return view_func(*args, **kwargs)
  File "C:\Users\Shilpa Bundela\AppData\Local\Programs\Python\Python37\lib\site-packages\rest_framework\viewsets.py", line 125, in view
    return self.dispatch(request, *args, **kwargs)
  File "C:\Users\Shilpa Bundela\AppData\Local\Programs\Python\Python37\lib\site-packages\rest_framework\views.py", line 509, in dispatch
    response = self.handle_exception(exc)
  File "C:\Users\Shilpa Bundela\AppData\Local\Programs\Python\Python37\lib\site-packages\rest_framework\views.py", line 469, in handle_exception
    self.raise_uncaught_exception(exc)
  File "C:\Users\Shilpa Bundela\AppData\Local\Programs\Python\Python37\lib\site-packages\rest_framework\views.py", line 480, in raise_uncaught_exception
    raise exc
  File "C:\Users\Shilpa Bundela\AppData\Local\Programs\Python\Python37\lib\site-packages\rest_framework\views.py", line 506, in dispatch
    response = handler(request, *args, **kwargs)
  File "C:\Users\Shilpa Bundela\Desktop\Rachit\Projects\Django\user_blogs\blogs\viewsets.py", line 38, in retrieve
    blog = get_object_or_404(queryset, pk=pk)
  File "C:\Users\Shilpa Bundela\AppData\Local\Programs\Python\Python37\lib\site-packages\django\shortcuts.py", line 76, in get_object_or_404
    return queryset.get(*args, **kwargs)
  File "C:\Users\Shilpa Bundela\AppData\Local\Programs\Python\Python37\lib\site-packages\django\db\models\query.py", line 404, in get
    clone = self._chain() if self.query.combinator else self.filter(*args, **kwargs)
  File "C:\Users\Shilpa Bundela\AppData\Local\Programs\Python\Python37\lib\site-packages\django\db\models\query.py", line 904, in filter
    return self._filter_or_exclude(False, *args, **kwargs)
  File "C:\Users\Shilpa Bundela\AppData\Local\Programs\Python\Python37\lib\site-packages\django\db\models\query.py", line 923, in _filter_or_exclude
    clone.query.add_q(Q(*args, **kwargs))
  File "C:\Users\Shilpa Bundela\AppData\Local\Programs\Python\Python37\lib\site-packages\django\db\models\sql\query.py", line 1354, in add_q
    clause, _ = self._add_q(q_object, self.used_aliases)
  File "C:\Users\Shilpa Bundela\AppData\Local\Programs\Python\Python37\lib\site-packages\django\db\models\sql\query.py", line 1385, in _add_q
    check_filterable=check_filterable,
  File "C:\Users\Shilpa Bundela\AppData\Local\Programs\Python\Python37\lib\site-packages\django\db\models\sql\query.py", line 1315, in build_filter
    condition = self.build_lookup(lookups, col, value)
  File "C:\Users\Shilpa Bundela\AppData\Local\Programs\Python\Python37\lib\site-packages\django\db\models\sql\query.py", line 1169, in build_lookup
    lookup = lookup_class(lhs, rhs)
  File "C:\Users\Shilpa Bundela\AppData\Local\Programs\Python\Python37\lib\site-packages\django\db\models\lookups.py", line 22, in __init__
    self.rhs = self.get_prep_lookup()
  File "C:\Users\Shilpa Bundela\AppData\Local\Programs\Python\Python37\lib\site-packages\django\db\models\lookups.py", line 72, in get_prep_lookup
    return self.lhs.output_field.get_prep_value(self.rhs)
  File "C:\Users\Shilpa Bundela\AppData\Local\Programs\Python\Python37\lib\site-packages\django\db\models\fields\__init__.py", line 2297, in get_prep_value
    return self.to_python(value)
  File "C:\Users\Shilpa Bundela\AppData\Local\Programs\Python\Python37\lib\site-packages\django\db\models\fields\__init__.py", line 2318, in to_python
    params={'value': value},
django.core.exceptions.ValidationError: ['“learderboard” is not a valid UUID.']
2021-04-22 12:38:52,569 [INFO] C:\Users\Shilpa Bundela\Desktop\Rachit\Projects\Django\user_blogs\blogs\viewsets.py changed, reloading.
2021-04-22 13:14:25,795 [INFO] C:\Users\Shilpa Bundela\Desktop\Rachit\Projects\Django\user_blogs\blogs\admin.py changed, reloading.
2021-04-22 13:54:06,406 [WARNING] Not Found: /admin
2021-04-22 13:54:12,820 [WARNING] Not Found: /admin
2021-04-22 13:54:22,851 [WARNING] Not Found: /admin
2021-04-22 15:50:05,946 [INFO] C:\Users\Shilpa Bundela\Desktop\Rachit\Projects\Django\user_blogs\blogs\models.py changed, reloading.
2021-04-22 15:54:41,269 [INFO] C:\Users\Shilpa Bundela\Desktop\Rachit\Projects\Django\user_blogs\blogs\mixin.py changed, reloading.
2021-04-22 15:55:27,914 [INFO] C:\Users\Shilpa Bundela\Desktop\Rachit\Projects\Django\user_blogs\blogs\mixin.py changed, reloading.
2021-04-22 15:57:29,134 [INFO] C:\Users\Shilpa Bundela\Desktop\Rachit\Projects\Django\user_blogs\blogs\mixin.py changed, reloading.
2021-04-22 15:57:51,857 [INFO] C:\Users\Shilpa Bundela\Desktop\Rachit\Projects\Django\user_blogs\blogs\viewsets.py changed, reloading.
2021-04-22 15:58:58,514 [INFO] C:\Users\Shilpa Bundela\Desktop\Rachit\Projects\Django\user_blogs\blogs\viewsets.py changed, reloading.
2021-04-22 15:59:05,373 [ERROR] Internal Server Error: /blogs/learderboard/all/
Traceback (most recent call last):
  File "C:\Users\Shilpa Bundela\AppData\Local\Programs\Python\Python37\lib\site-packages\django\core\handlers\exception.py", line 34, in inner
    response = get_response(request)
  File "C:\Users\Shilpa Bundela\AppData\Local\Programs\Python\Python37\lib\site-packages\django\core\handlers\base.py", line 145, in _get_response
    response = self.process_exception_by_middleware(e, request)
  File "C:\Users\Shilpa Bundela\AppData\Local\Programs\Python\Python37\lib\site-packages\django\core\handlers\base.py", line 143, in _get_response
    response = response.render()
  File "C:\Users\Shilpa Bundela\AppData\Local\Programs\Python\Python37\lib\site-packages\django\template\response.py", line 105, in render
    self.content = self.rendered_content
  File "C:\Users\Shilpa Bundela\AppData\Local\Programs\Python\Python37\lib\site-packages\rest_framework\response.py", line 70, in rendered_content
    ret = renderer.render(self.data, accepted_media_type, context)
  File "C:\Users\Shilpa Bundela\AppData\Local\Programs\Python\Python37\lib\site-packages\rest_framework\renderers.py", line 103, in render
    allow_nan=not self.strict, separators=separators
  File "C:\Users\Shilpa Bundela\AppData\Local\Programs\Python\Python37\lib\site-packages\rest_framework\utils\json.py", line 25, in dumps
    return json.dumps(*args, **kwargs)
  File "C:\Users\Shilpa Bundela\AppData\Local\Programs\Python\Python37\lib\json\__init__.py", line 238, in dumps
    **kw).encode(obj)
  File "C:\Users\Shilpa Bundela\AppData\Local\Programs\Python\Python37\lib\json\encoder.py", line 199, in encode
    chunks = self.iterencode(o, _one_shot=True)
  File "C:\Users\Shilpa Bundela\AppData\Local\Programs\Python\Python37\lib\json\encoder.py", line 257, in iterencode
    return _iterencode(o, 0)
TypeError: keys must be str, int, float, bool or None, not Blogs
2021-04-22 15:59:22,302 [INFO] C:\Users\Shilpa Bundela\Desktop\Rachit\Projects\Django\user_blogs\blogs\mixin.py changed, reloading.
2021-04-22 15:59:26,689 [ERROR] Internal Server Error: /blogs/learderboard/all/
Traceback (most recent call last):
  File "C:\Users\Shilpa Bundela\AppData\Local\Programs\Python\Python37\lib\site-packages\django\core\handlers\exception.py", line 34, in inner
    response = get_response(request)
  File "C:\Users\Shilpa Bundela\AppData\Local\Programs\Python\Python37\lib\site-packages\django\core\handlers\base.py", line 145, in _get_response
    response = self.process_exception_by_middleware(e, request)
  File "C:\Users\Shilpa Bundela\AppData\Local\Programs\Python\Python37\lib\site-packages\django\core\handlers\base.py", line 143, in _get_response
    response = response.render()
  File "C:\Users\Shilpa Bundela\AppData\Local\Programs\Python\Python37\lib\site-packages\django\template\response.py", line 105, in render
    self.content = self.rendered_content
  File "C:\Users\Shilpa Bundela\AppData\Local\Programs\Python\Python37\lib\site-packages\rest_framework\response.py", line 70, in rendered_content
    ret = renderer.render(self.data, accepted_media_type, context)
  File "C:\Users\Shilpa Bundela\AppData\Local\Programs\Python\Python37\lib\site-packages\rest_framework\renderers.py", line 103, in render
    allow_nan=not self.strict, separators=separators
  File "C:\Users\Shilpa Bundela\AppData\Local\Programs\Python\Python37\lib\site-packages\rest_framework\utils\json.py", line 25, in dumps
    return json.dumps(*args, **kwargs)
  File "C:\Users\Shilpa Bundela\AppData\Local\Programs\Python\Python37\lib\json\__init__.py", line 238, in dumps
    **kw).encode(obj)
  File "C:\Users\Shilpa Bundela\AppData\Local\Programs\Python\Python37\lib\json\encoder.py", line 199, in encode
    chunks = self.iterencode(o, _one_shot=True)
  File "C:\Users\Shilpa Bundela\AppData\Local\Programs\Python\Python37\lib\json\encoder.py", line 257, in iterencode
    return _iterencode(o, 0)
TypeError: keys must be str, int, float, bool or None, not UUID
2021-04-22 15:59:41,914 [INFO] C:\Users\Shilpa Bundela\Desktop\Rachit\Projects\Django\user_blogs\blogs\mixin.py changed, reloading.
2021-04-22 16:00:10,134 [INFO] C:\Users\Shilpa Bundela\Desktop\Rachit\Projects\Django\user_blogs\blogs\mixin.py changed, reloading.
2021-04-22 16:04:02,033 [INFO] C:\Users\Shilpa Bundela\Desktop\Rachit\Projects\Django\user_blogs\blogs\viewsets.py changed, reloading.
2021-04-22 16:12:52,018 [INFO] C:\Users\Shilpa Bundela\Desktop\Rachit\Projects\Django\user_blogs\blogs\mixin.py changed, reloading.
2021-04-22 16:13:01,457 [INFO] C:\Users\Shilpa Bundela\Desktop\Rachit\Projects\Django\user_blogs\blogs\viewsets.py changed, reloading.
2021-04-22 16:15:19,537 [WARNING] Not Found: /blogs/ef24b065-660a-4c3a-ac50-8e42f7249854/get_all_coments/
2021-04-22 16:15:35,863 [INFO] all comments of blog with uid = 'ef24b065-660a-4c3a-ac50-8e42f7249854'
2021-04-22 16:20:36,929 [INFO] C:\Users\Shilpa Bundela\Desktop\Rachit\Projects\Django\user_blogs\blogs\viewsets.py changed, reloading.
2021-04-22 16:22:48,672 [INFO] C:\Users\Shilpa Bundela\Desktop\Rachit\Projects\Django\user_blogs\blogs\mixin.py changed, reloading.
2021-04-22 16:23:03,282 [INFO] C:\Users\Shilpa Bundela\Desktop\Rachit\Projects\Django\user_blogs\blogs\viewsets.py changed, reloading.
2021-04-22 16:25:22,906 [INFO] C:\Users\Shilpa Bundela\Desktop\Rachit\Projects\Django\user_blogs\blogs\viewsets.py changed, reloading.
2021-04-22 16:35:15,508 [INFO] C:\Users\Shilpa Bundela\Desktop\Rachit\Projects\Django\user_blogs\blogs\mixin.py changed, reloading.
2021-04-22 16:38:33,336 [INFO] C:\Users\Shilpa Bundela\Desktop\Rachit\Projects\Django\user_blogs\blogs\viewsets.py changed, reloading.
2021-04-22 16:38:39,491 [WARNING] Bad Request: /blogs/learderboard/all/
2021-04-22 16:39:08,491 [INFO] C:\Users\Shilpa Bundela\Desktop\Rachit\Projects\Django\user_blogs\blogs\viewsets.py changed, reloading.
2021-04-22 16:39:34,776 [INFO] C:\Users\Shilpa Bundela\Desktop\Rachit\Projects\Django\user_blogs\blogs\mixin.py changed, reloading.
2021-04-22 16:39:48,592 [INFO] C:\Users\Shilpa Bundela\Desktop\Rachit\Projects\Django\user_blogs\blogs\viewsets.py changed, reloading.
2021-04-22 16:40:59,350 [INFO] C:\Users\Shilpa Bundela\Desktop\Rachit\Projects\Django\user_blogs\blogs\mixin.py changed, reloading.
2021-04-22 16:41:19,469 [INFO] C:\Users\Shilpa Bundela\Desktop\Rachit\Projects\Django\user_blogs\blogs\mixin.py changed, reloading.
2021-04-22 16:42:03,100 [INFO] C:\Users\Shilpa Bundela\Desktop\Rachit\Projects\Django\user_blogs\blogs\mixin.py changed, reloading.
2021-04-22 16:42:06,414 [WARNING] Bad Request: /blogs/learderboard/all/
2021-04-22 16:42:08,424 [WARNING] Bad Request: /blogs/learderboard/all/
2021-04-22 16:42:16,525 [INFO] C:\Users\Shilpa Bundela\Desktop\Rachit\Projects\Django\user_blogs\blogs\mixin.py changed, reloading.
2021-04-22 16:42:38,658 [INFO] C:\Users\Shilpa Bundela\Desktop\Rachit\Projects\Django\user_blogs\blogs\mixin.py changed, reloading.
2021-04-22 16:43:21,301 [INFO] C:\Users\Shilpa Bundela\Desktop\Rachit\Projects\Django\user_blogs\blogs\mixin.py changed, reloading.
2021-04-22 16:44:09,252 [INFO] C:\Users\Shilpa Bundela\Desktop\Rachit\Projects\Django\user_blogs\blogs\mixin.py changed, reloading.
2021-04-22 16:47:14,384 [INFO] C:\Users\Shilpa Bundela\Desktop\Rachit\Projects\Django\user_blogs\blogs\models.py changed, reloading.
2021-04-22 16:49:50,485 [INFO] C:\Users\Shilpa Bundela\Desktop\Rachit\Projects\Django\user_blogs\blogs\mixin.py changed, reloading.
2021-04-22 16:50:26,908 [INFO] C:\Users\Shilpa Bundela\Desktop\Rachit\Projects\Django\user_blogs\blogs\mixin.py changed, reloading.
2021-04-22 16:51:05,079 [INFO] C:\Users\Shilpa Bundela\Desktop\Rachit\Projects\Django\user_blogs\blogs\viewsets.py changed, reloading.
2021-04-22 17:02:12,623 [INFO] C:\Users\Shilpa Bundela\Desktop\Rachit\Projects\Django\user_blogs\blogs\mixin.py changed, reloading.
2021-04-22 17:03:06,986 [INFO] C:\Users\Shilpa Bundela\Desktop\Rachit\Projects\Django\user_blogs\blogs\mixin.py changed, reloading.
2021-04-22 17:28:43,472 [INFO] C:\Users\Shilpa Bundela\Desktop\Rachit\Projects\Django\user_blogs\blogs\viewsets.py changed, reloading.
2021-04-22 17:35:10,127 [INFO] C:\Users\Shilpa Bundela\Desktop\Rachit\Projects\Django\user_blogs\blogs\viewsets.py changed, reloading.
2021-04-22 17:35:19,340 [INFO] C:\Users\Shilpa Bundela\Desktop\Rachit\Projects\Django\user_blogs\blogs\viewsets.py changed, reloading.
2021-04-22 17:36:59,489 [INFO] C:\Users\Shilpa Bundela\Desktop\Rachit\Projects\Django\user_blogs\blogs\viewsets.py changed, reloading.
2021-04-22 17:42:21,042 [INFO] C:\Users\Shilpa Bundela\Desktop\Rachit\Projects\Django\user_blogs\blogs\viewsets.py changed, reloading.
2021-04-23 15:53:55,498 [INFO] C:\Users\Shilpa Bundela\Desktop\Rachit\Projects\Django\user_blogs\blogs\viewsets.py changed, reloading.
2021-04-23 15:54:43,356 [INFO] C:\Users\Shilpa Bundela\Desktop\Rachit\Projects\Django\user_blogs\blogs\serializers.py changed, reloading.
2021-04-23 15:55:41,303 [INFO] C:\Users\Shilpa Bundela\Desktop\Rachit\Projects\Django\user_blogs\blogs\serializers.py changed, reloading.
2021-04-23 15:55:57,732 [INFO] C:\Users\Shilpa Bundela\Desktop\Rachit\Projects\Django\user_blogs\blogs\serializers.py changed, reloading.
2021-04-23 15:59:45,345 [INFO] C:\Users\Shilpa Bundela\Desktop\Rachit\Projects\Django\user_blogs\blogs\viewsets.py changed, reloading.
2021-04-23 16:01:52,390 [INFO] C:\Users\Shilpa Bundela\Desktop\Rachit\Projects\Django\user_blogs\blogs\viewsets.py changed, reloading.
2021-04-23 16:02:55,905 [INFO] C:\Users\Shilpa Bundela\Desktop\Rachit\Projects\Django\user_blogs\blogs\viewsets.py changed, reloading.
2021-04-23 16:03:01,525 [INFO] C:\Users\Shilpa Bundela\Desktop\Rachit\Projects\Django\user_blogs\blogs\viewsets.py changed, reloading.
2021-04-23 16:07:31,932 [INFO] C:\Users\Shilpa Bundela\Desktop\Rachit\Projects\Django\user_blogs\blogs\serializers.py changed, reloading.
2021-04-23 16:14:17,376 [INFO] C:\Users\Shilpa Bundela\Desktop\Rachit\Projects\Django\user_blogs\blogs\viewsets.py changed, reloading.
2021-04-23 16:17:04,923 [INFO] C:\Users\Shilpa Bundela\Desktop\Rachit\Projects\Django\user_blogs\blogs\serializers.py changed, reloading.
2021-04-23 16:17:38,345 [WARNING] Not Found: /favicon.ico
2021-04-23 16:24:45,347 [INFO] C:\Users\Shilpa Bundela\Desktop\Rachit\Projects\Django\user_blogs\blogs\mixin.py changed, reloading.
2021-04-23 16:24:55,862 [INFO] C:\Users\Shilpa Bundela\Desktop\Rachit\Projects\Django\user_blogs\blogs\viewsets.py changed, reloading.
2021-04-23 16:27:02,626 [INFO] C:\Users\Shilpa Bundela\Desktop\Rachit\Projects\Django\user_blogs\blogs\viewsets.py changed, reloading.
2021-04-26 10:59:22,784 [WARNING] Not Found: /blogs/get_csv
2021-04-26 10:59:27,377 [ERROR] Internal Server Error: /blogs/get_csv/
Traceback (most recent call last):
  File "C:\Users\Shilpa Bundela\AppData\Local\Programs\Python\Python37\lib\site-packages\django\db\models\fields\__init__.py", line 2313, in to_python
    return uuid.UUID(**{input_form: value})
  File "C:\Users\Shilpa Bundela\AppData\Local\Programs\Python\Python37\lib\uuid.py", line 160, in __init__
    raise ValueError('badly formed hexadecimal UUID string')
ValueError: badly formed hexadecimal UUID string

During handling of the above exception, another exception occurred:

Traceback (most recent call last):
  File "C:\Users\Shilpa Bundela\AppData\Local\Programs\Python\Python37\lib\site-packages\django\core\handlers\exception.py", line 34, in inner
    response = get_response(request)
  File "C:\Users\Shilpa Bundela\AppData\Local\Programs\Python\Python37\lib\site-packages\django\core\handlers\base.py", line 115, in _get_response
    response = self.process_exception_by_middleware(e, request)
  File "C:\Users\Shilpa Bundela\AppData\Local\Programs\Python\Python37\lib\site-packages\django\core\handlers\base.py", line 113, in _get_response
    response = wrapped_callback(request, *callback_args, **callback_kwargs)
  File "C:\Users\Shilpa Bundela\AppData\Local\Programs\Python\Python37\lib\site-packages\django\views\decorators\csrf.py", line 54, in wrapped_view
    return view_func(*args, **kwargs)
  File "C:\Users\Shilpa Bundela\AppData\Local\Programs\Python\Python37\lib\site-packages\rest_framework\viewsets.py", line 125, in view
    return self.dispatch(request, *args, **kwargs)
  File "C:\Users\Shilpa Bundela\AppData\Local\Programs\Python\Python37\lib\site-packages\rest_framework\views.py", line 509, in dispatch
    response = self.handle_exception(exc)
  File "C:\Users\Shilpa Bundela\AppData\Local\Programs\Python\Python37\lib\site-packages\rest_framework\views.py", line 469, in handle_exception
    self.raise_uncaught_exception(exc)
  File "C:\Users\Shilpa Bundela\AppData\Local\Programs\Python\Python37\lib\site-packages\rest_framework\views.py", line 480, in raise_uncaught_exception
    raise exc
  File "C:\Users\Shilpa Bundela\AppData\Local\Programs\Python\Python37\lib\site-packages\rest_framework\views.py", line 506, in dispatch
    response = handler(request, *args, **kwargs)
  File "C:\Users\Shilpa Bundela\Desktop\Rachit\Projects\Django\user_blogs\blogs\viewsets.py", line 40, in retrieve
    blog = get_object_or_404(queryset, pk=pk)
  File "C:\Users\Shilpa Bundela\AppData\Local\Programs\Python\Python37\lib\site-packages\django\shortcuts.py", line 76, in get_object_or_404
    return queryset.get(*args, **kwargs)
  File "C:\Users\Shilpa Bundela\AppData\Local\Programs\Python\Python37\lib\site-packages\django\db\models\query.py", line 404, in get
    clone = self._chain() if self.query.combinator else self.filter(*args, **kwargs)
  File "C:\Users\Shilpa Bundela\AppData\Local\Programs\Python\Python37\lib\site-packages\django\db\models\query.py", line 904, in filter
    return self._filter_or_exclude(False, *args, **kwargs)
  File "C:\Users\Shilpa Bundela\AppData\Local\Programs\Python\Python37\lib\site-packages\django\db\models\query.py", line 923, in _filter_or_exclude
    clone.query.add_q(Q(*args, **kwargs))
  File "C:\Users\Shilpa Bundela\AppData\Local\Programs\Python\Python37\lib\site-packages\django\db\models\sql\query.py", line 1354, in add_q
    clause, _ = self._add_q(q_object, self.used_aliases)
  File "C:\Users\Shilpa Bundela\AppData\Local\Programs\Python\Python37\lib\site-packages\django\db\models\sql\query.py", line 1385, in _add_q
    check_filterable=check_filterable,
  File "C:\Users\Shilpa Bundela\AppData\Local\Programs\Python\Python37\lib\site-packages\django\db\models\sql\query.py", line 1315, in build_filter
    condition = self.build_lookup(lookups, col, value)
  File "C:\Users\Shilpa Bundela\AppData\Local\Programs\Python\Python37\lib\site-packages\django\db\models\sql\query.py", line 1169, in build_lookup
    lookup = lookup_class(lhs, rhs)
  File "C:\Users\Shilpa Bundela\AppData\Local\Programs\Python\Python37\lib\site-packages\django\db\models\lookups.py", line 22, in __init__
    self.rhs = self.get_prep_lookup()
  File "C:\Users\Shilpa Bundela\AppData\Local\Programs\Python\Python37\lib\site-packages\django\db\models\lookups.py", line 72, in get_prep_lookup
    return self.lhs.output_field.get_prep_value(self.rhs)
  File "C:\Users\Shilpa Bundela\AppData\Local\Programs\Python\Python37\lib\site-packages\django\db\models\fields\__init__.py", line 2297, in get_prep_value
    return self.to_python(value)
  File "C:\Users\Shilpa Bundela\AppData\Local\Programs\Python\Python37\lib\site-packages\django\db\models\fields\__init__.py", line 2318, in to_python
    params={'value': value},
django.core.exceptions.ValidationError: ['“get_csv” is not a valid UUID.']
2021-04-26 11:11:00,583 [INFO] C:\Users\Shilpa Bundela\Desktop\Rachit\Projects\Django\user_blogs\blogs\viewsets.py changed, reloading.
2021-04-26 11:11:06,816 [WARNING] Not Found: /blogs/get_csv/details/
2021-04-26 11:11:39,932 [WARNING] Not Found: /get_csv/details/
2021-04-26 11:12:04,376 [INFO] C:\Users\Shilpa Bundela\Desktop\Rachit\Projects\Django\user_blogs\blogs\viewsets.py changed, reloading.
2021-04-26 11:12:16,252 [WARNING] Not Found: /blogs/get_csv/details/
2021-04-26 11:12:22,489 [WARNING] Not Found: /blogs/5
2021-04-26 11:12:34,995 [WARNING] Not Found: /blogs/get_csv/details
2021-04-26 11:12:36,481 [WARNING] Not Found: /favicon.ico
2021-04-26 11:12:45,634 [WARNING] Not Found: /blogs/details
2021-04-26 11:12:49,341 [ERROR] Internal Server Error: /blogs/
Traceback (most recent call last):
  File "C:\Users\Shilpa Bundela\AppData\Local\Programs\Python\Python37\lib\site-packages\django\db\models\fields\__init__.py", line 2313, in to_python
    return uuid.UUID(**{input_form: value})
  File "C:\Users\Shilpa Bundela\AppData\Local\Programs\Python\Python37\lib\uuid.py", line 157, in __init__
    hex = hex.replace('urn:', '').replace('uuid:', '')
AttributeError: 'AnonymousUser' object has no attribute 'replace'

During handling of the above exception, another exception occurred:

Traceback (most recent call last):
  File "C:\Users\Shilpa Bundela\AppData\Local\Programs\Python\Python37\lib\site-packages\django\core\handlers\exception.py", line 34, in inner
    response = get_response(request)
  File "C:\Users\Shilpa Bundela\AppData\Local\Programs\Python\Python37\lib\site-packages\django\core\handlers\base.py", line 115, in _get_response
    response = self.process_exception_by_middleware(e, request)
  File "C:\Users\Shilpa Bundela\AppData\Local\Programs\Python\Python37\lib\site-packages\django\core\handlers\base.py", line 113, in _get_response
    response = wrapped_callback(request, *callback_args, **callback_kwargs)
  File "C:\Users\Shilpa Bundela\AppData\Local\Programs\Python\Python37\lib\site-packages\django\views\decorators\csrf.py", line 54, in wrapped_view
    return view_func(*args, **kwargs)
  File "C:\Users\Shilpa Bundela\AppData\Local\Programs\Python\Python37\lib\site-packages\rest_framework\viewsets.py", line 125, in view
    return self.dispatch(request, *args, **kwargs)
  File "C:\Users\Shilpa Bundela\AppData\Local\Programs\Python\Python37\lib\site-packages\rest_framework\views.py", line 509, in dispatch
    response = self.handle_exception(exc)
  File "C:\Users\Shilpa Bundela\AppData\Local\Programs\Python\Python37\lib\site-packages\rest_framework\views.py", line 469, in handle_exception
    self.raise_uncaught_exception(exc)
  File "C:\Users\Shilpa Bundela\AppData\Local\Programs\Python\Python37\lib\site-packages\rest_framework\views.py", line 480, in raise_uncaught_exception
    raise exc
  File "C:\Users\Shilpa Bundela\AppData\Local\Programs\Python\Python37\lib\site-packages\rest_framework\views.py", line 506, in dispatch
    response = handler(request, *args, **kwargs)
  File "C:\Users\Shilpa Bundela\Desktop\Rachit\Projects\Django\user_blogs\blogs\viewsets.py", line 29, in list
    queryset = self.search_tag(request, self.filter_queryset(self.model_class.objects.filter(user = request.user) ))
  File "C:\Users\Shilpa Bundela\AppData\Local\Programs\Python\Python37\lib\site-packages\django\db\models\manager.py", line 82, in manager_method
    return getattr(self.get_queryset(), name)(*args, **kwargs)
  File "C:\Users\Shilpa Bundela\AppData\Local\Programs\Python\Python37\lib\site-packages\django\db\models\query.py", line 904, in filter
    return self._filter_or_exclude(False, *args, **kwargs)
  File "C:\Users\Shilpa Bundela\AppData\Local\Programs\Python\Python37\lib\site-packages\django\db\models\query.py", line 923, in _filter_or_exclude
    clone.query.add_q(Q(*args, **kwargs))
  File "C:\Users\Shilpa Bundela\AppData\Local\Programs\Python\Python37\lib\site-packages\django\db\models\sql\query.py", line 1354, in add_q
    clause, _ = self._add_q(q_object, self.used_aliases)
  File "C:\Users\Shilpa Bundela\AppData\Local\Programs\Python\Python37\lib\site-packages\django\db\models\sql\query.py", line 1385, in _add_q
    check_filterable=check_filterable,
  File "C:\Users\Shilpa Bundela\AppData\Local\Programs\Python\Python37\lib\site-packages\django\db\models\sql\query.py", line 1315, in build_filter
    condition = self.build_lookup(lookups, col, value)
  File "C:\Users\Shilpa Bundela\AppData\Local\Programs\Python\Python37\lib\site-packages\django\db\models\sql\query.py", line 1169, in build_lookup
    lookup = lookup_class(lhs, rhs)
  File "C:\Users\Shilpa Bundela\AppData\Local\Programs\Python\Python37\lib\site-packages\django\db\models\lookups.py", line 22, in __init__
    self.rhs = self.get_prep_lookup()
  File "C:\Users\Shilpa Bundela\AppData\Local\Programs\Python\Python37\lib\site-packages\django\db\models\fields\related_lookups.py", line 115, in get_prep_lookup
    self.rhs = target_field.get_prep_value(self.rhs)
  File "C:\Users\Shilpa Bundela\AppData\Local\Programs\Python\Python37\lib\site-packages\django\db\models\fields\__init__.py", line 2297, in get_prep_value
    return self.to_python(value)
  File "C:\Users\Shilpa Bundela\AppData\Local\Programs\Python\Python37\lib\site-packages\django\db\models\fields\__init__.py", line 2318, in to_python
    params={'value': value},
django.core.exceptions.ValidationError: ['“AnonymousUser” is not a valid UUID.']
2021-04-26 11:13:02,654 [WARNING] Not Found: /admin
2021-04-26 11:13:06,185 [WARNING] Not Found: /ab
2021-04-26 11:13:38,666 [WARNING] Not Found: /blogs/get_csv
2021-04-26 11:13:45,512 [ERROR] Internal Server Error: /blogs/get_csv/
Traceback (most recent call last):
  File "C:\Users\Shilpa Bundela\AppData\Local\Programs\Python\Python37\lib\site-packages\django\db\models\fields\__init__.py", line 2313, in to_python
    return uuid.UUID(**{input_form: value})
  File "C:\Users\Shilpa Bundela\AppData\Local\Programs\Python\Python37\lib\uuid.py", line 160, in __init__
    raise ValueError('badly formed hexadecimal UUID string')
ValueError: badly formed hexadecimal UUID string

During handling of the above exception, another exception occurred:

Traceback (most recent call last):
  File "C:\Users\Shilpa Bundela\AppData\Local\Programs\Python\Python37\lib\site-packages\django\core\handlers\exception.py", line 34, in inner
    response = get_response(request)
  File "C:\Users\Shilpa Bundela\AppData\Local\Programs\Python\Python37\lib\site-packages\django\core\handlers\base.py", line 115, in _get_response
    response = self.process_exception_by_middleware(e, request)
  File "C:\Users\Shilpa Bundela\AppData\Local\Programs\Python\Python37\lib\site-packages\django\core\handlers\base.py", line 113, in _get_response
    response = wrapped_callback(request, *callback_args, **callback_kwargs)
  File "C:\Users\Shilpa Bundela\AppData\Local\Programs\Python\Python37\lib\site-packages\django\views\decorators\csrf.py", line 54, in wrapped_view
    return view_func(*args, **kwargs)
  File "C:\Users\Shilpa Bundela\AppData\Local\Programs\Python\Python37\lib\site-packages\rest_framework\viewsets.py", line 125, in view
    return self.dispatch(request, *args, **kwargs)
  File "C:\Users\Shilpa Bundela\AppData\Local\Programs\Python\Python37\lib\site-packages\rest_framework\views.py", line 509, in dispatch
    response = self.handle_exception(exc)
  File "C:\Users\Shilpa Bundela\AppData\Local\Programs\Python\Python37\lib\site-packages\rest_framework\views.py", line 469, in handle_exception
    self.raise_uncaught_exception(exc)
  File "C:\Users\Shilpa Bundela\AppData\Local\Programs\Python\Python37\lib\site-packages\rest_framework\views.py", line 480, in raise_uncaught_exception
    raise exc
  File "C:\Users\Shilpa Bundela\AppData\Local\Programs\Python\Python37\lib\site-packages\rest_framework\views.py", line 506, in dispatch
    response = handler(request, *args, **kwargs)
  File "C:\Users\Shilpa Bundela\Desktop\Rachit\Projects\Django\user_blogs\blogs\viewsets.py", line 40, in retrieve
    blog = get_object_or_404(queryset, pk=pk)
  File "C:\Users\Shilpa Bundela\AppData\Local\Programs\Python\Python37\lib\site-packages\django\shortcuts.py", line 76, in get_object_or_404
    return queryset.get(*args, **kwargs)
  File "C:\Users\Shilpa Bundela\AppData\Local\Programs\Python\Python37\lib\site-packages\django\db\models\query.py", line 404, in get
    clone = self._chain() if self.query.combinator else self.filter(*args, **kwargs)
  File "C:\Users\Shilpa Bundela\AppData\Local\Programs\Python\Python37\lib\site-packages\django\db\models\query.py", line 904, in filter
    return self._filter_or_exclude(False, *args, **kwargs)
  File "C:\Users\Shilpa Bundela\AppData\Local\Programs\Python\Python37\lib\site-packages\django\db\models\query.py", line 923, in _filter_or_exclude
    clone.query.add_q(Q(*args, **kwargs))
  File "C:\Users\Shilpa Bundela\AppData\Local\Programs\Python\Python37\lib\site-packages\django\db\models\sql\query.py", line 1354, in add_q
    clause, _ = self._add_q(q_object, self.used_aliases)
  File "C:\Users\Shilpa Bundela\AppData\Local\Programs\Python\Python37\lib\site-packages\django\db\models\sql\query.py", line 1385, in _add_q
    check_filterable=check_filterable,
  File "C:\Users\Shilpa Bundela\AppData\Local\Programs\Python\Python37\lib\site-packages\django\db\models\sql\query.py", line 1315, in build_filter
    condition = self.build_lookup(lookups, col, value)
  File "C:\Users\Shilpa Bundela\AppData\Local\Programs\Python\Python37\lib\site-packages\django\db\models\sql\query.py", line 1169, in build_lookup
    lookup = lookup_class(lhs, rhs)
  File "C:\Users\Shilpa Bundela\AppData\Local\Programs\Python\Python37\lib\site-packages\django\db\models\lookups.py", line 22, in __init__
    self.rhs = self.get_prep_lookup()
  File "C:\Users\Shilpa Bundela\AppData\Local\Programs\Python\Python37\lib\site-packages\django\db\models\lookups.py", line 72, in get_prep_lookup
    return self.lhs.output_field.get_prep_value(self.rhs)
  File "C:\Users\Shilpa Bundela\AppData\Local\Programs\Python\Python37\lib\site-packages\django\db\models\fields\__init__.py", line 2297, in get_prep_value
    return self.to_python(value)
  File "C:\Users\Shilpa Bundela\AppData\Local\Programs\Python\Python37\lib\site-packages\django\db\models\fields\__init__.py", line 2318, in to_python
    params={'value': value},
django.core.exceptions.ValidationError: ['“get_csv” is not a valid UUID.']
2021-04-26 11:13:51,781 [WARNING] Not Found: /blogs/get_csv/details
2021-04-26 11:14:09,213 [WARNING] Not Found: /blogs/get-blogs/all
2021-04-26 11:14:12,749 [INFO] all blogs available
2021-04-26 11:14:36,779 [INFO] C:\Users\Shilpa Bundela\Desktop\Rachit\Projects\Django\user_blogs\blogs\viewsets.py changed, reloading.
2021-04-26 11:14:45,531 [WARNING] Not Found: /blogs/get-csv/details/
2021-04-26 11:15:20,210 [INFO] C:\Users\Shilpa Bundela\Desktop\Rachit\Projects\Django\user_blogs\blogs\viewsets.py changed, reloading.
2021-04-26 11:15:31,104 [INFO] C:\Users\Shilpa Bundela\Desktop\Rachit\Projects\Django\user_blogs\blogs\views.py changed, reloading.
2021-04-26 11:15:44,768 [INFO] C:\Users\Shilpa Bundela\Desktop\Rachit\Projects\Django\user_blogs\blogs\viewsets.py changed, reloading.
2021-04-26 11:15:47,828 [WARNING] Bad Request: /blogs/get-csv/details/
2021-04-26 11:16:01,946 [INFO] C:\Users\Shilpa Bundela\Desktop\Rachit\Projects\Django\user_blogs\blogs\viewsets.py changed, reloading.
2021-04-26 11:18:47,398 [INFO] C:\Users\Shilpa Bundela\Desktop\Rachit\Projects\Django\user_blogs\blogs\serializers.py changed, reloading.
2021-04-26 11:19:03,446 [INFO] C:\Users\Shilpa Bundela\Desktop\Rachit\Projects\Django\user_blogs\blogs\serializers.py changed, reloading.
2021-04-26 11:20:52,677 [INFO] C:\Users\Shilpa Bundela\Desktop\Rachit\Projects\Django\user_blogs\blogs\serializers.py changed, reloading.
2021-04-26 11:24:50,447 [INFO] C:\Users\Shilpa Bundela\Desktop\Rachit\Projects\Django\user_blogs\blogs\serializers.py changed, reloading.
2021-04-26 11:25:23,145 [WARNING] Not Found: /blogs/get_csv/details
2021-04-26 11:25:29,223 [WARNING] Not Found: /blogs/get_csv/details/
2021-04-26 11:25:39,444 [ERROR] Internal Server Error: /blogs/get_csv/
Traceback (most recent call last):
  File "C:\Users\Shilpa Bundela\AppData\Local\Programs\Python\Python37\lib\site-packages\django\db\models\fields\__init__.py", line 2313, in to_python
    return uuid.UUID(**{input_form: value})
  File "C:\Users\Shilpa Bundela\AppData\Local\Programs\Python\Python37\lib\uuid.py", line 157, in __init__
    hex = hex.replace('urn:', '').replace('uuid:', '')
AttributeError: 'AnonymousUser' object has no attribute 'replace'

During handling of the above exception, another exception occurred:

Traceback (most recent call last):
  File "C:\Users\Shilpa Bundela\AppData\Local\Programs\Python\Python37\lib\site-packages\django\core\handlers\exception.py", line 34, in inner
    response = get_response(request)
  File "C:\Users\Shilpa Bundela\AppData\Local\Programs\Python\Python37\lib\site-packages\django\core\handlers\base.py", line 115, in _get_response
    response = self.process_exception_by_middleware(e, request)
  File "C:\Users\Shilpa Bundela\AppData\Local\Programs\Python\Python37\lib\site-packages\django\core\handlers\base.py", line 113, in _get_response
    response = wrapped_callback(request, *callback_args, **callback_kwargs)
  File "C:\Users\Shilpa Bundela\AppData\Local\Programs\Python\Python37\lib\site-packages\django\views\decorators\csrf.py", line 54, in wrapped_view
    return view_func(*args, **kwargs)
  File "C:\Users\Shilpa Bundela\AppData\Local\Programs\Python\Python37\lib\site-packages\rest_framework\viewsets.py", line 125, in view
    return self.dispatch(request, *args, **kwargs)
  File "C:\Users\Shilpa Bundela\AppData\Local\Programs\Python\Python37\lib\site-packages\rest_framework\views.py", line 509, in dispatch
    response = self.handle_exception(exc)
  File "C:\Users\Shilpa Bundela\AppData\Local\Programs\Python\Python37\lib\site-packages\rest_framework\views.py", line 469, in handle_exception
    self.raise_uncaught_exception(exc)
  File "C:\Users\Shilpa Bundela\AppData\Local\Programs\Python\Python37\lib\site-packages\rest_framework\views.py", line 480, in raise_uncaught_exception
    raise exc
  File "C:\Users\Shilpa Bundela\AppData\Local\Programs\Python\Python37\lib\site-packages\rest_framework\views.py", line 506, in dispatch
    response = handler(request, *args, **kwargs)
  File "C:\Users\Shilpa Bundela\Desktop\Rachit\Projects\Django\user_blogs\blogs\viewsets.py", line 39, in retrieve
    queryset = self.filter_queryset(self.model_class.objects.filter(user = request.user) )
  File "C:\Users\Shilpa Bundela\AppData\Local\Programs\Python\Python37\lib\site-packages\django\db\models\manager.py", line 82, in manager_method
    return getattr(self.get_queryset(), name)(*args, **kwargs)
  File "C:\Users\Shilpa Bundela\AppData\Local\Programs\Python\Python37\lib\site-packages\django\db\models\query.py", line 904, in filter
    return self._filter_or_exclude(False, *args, **kwargs)
  File "C:\Users\Shilpa Bundela\AppData\Local\Programs\Python\Python37\lib\site-packages\django\db\models\query.py", line 923, in _filter_or_exclude
    clone.query.add_q(Q(*args, **kwargs))
  File "C:\Users\Shilpa Bundela\AppData\Local\Programs\Python\Python37\lib\site-packages\django\db\models\sql\query.py", line 1354, in add_q
    clause, _ = self._add_q(q_object, self.used_aliases)
  File "C:\Users\Shilpa Bundela\AppData\Local\Programs\Python\Python37\lib\site-packages\django\db\models\sql\query.py", line 1385, in _add_q
    check_filterable=check_filterable,
  File "C:\Users\Shilpa Bundela\AppData\Local\Programs\Python\Python37\lib\site-packages\django\db\models\sql\query.py", line 1315, in build_filter
    condition = self.build_lookup(lookups, col, value)
  File "C:\Users\Shilpa Bundela\AppData\Local\Programs\Python\Python37\lib\site-packages\django\db\models\sql\query.py", line 1169, in build_lookup
    lookup = lookup_class(lhs, rhs)
  File "C:\Users\Shilpa Bundela\AppData\Local\Programs\Python\Python37\lib\site-packages\django\db\models\lookups.py", line 22, in __init__
    self.rhs = self.get_prep_lookup()
  File "C:\Users\Shilpa Bundela\AppData\Local\Programs\Python\Python37\lib\site-packages\django\db\models\fields\related_lookups.py", line 115, in get_prep_lookup
    self.rhs = target_field.get_prep_value(self.rhs)
  File "C:\Users\Shilpa Bundela\AppData\Local\Programs\Python\Python37\lib\site-packages\django\db\models\fields\__init__.py", line 2297, in get_prep_value
    return self.to_python(value)
  File "C:\Users\Shilpa Bundela\AppData\Local\Programs\Python\Python37\lib\site-packages\django\db\models\fields\__init__.py", line 2318, in to_python
    params={'value': value},
django.core.exceptions.ValidationError: ['“AnonymousUser” is not a valid UUID.']
2021-04-26 11:25:49,980 [WARNING] Not Found: /blogs/get-csv/details
2021-04-26 11:30:26,366 [INFO] C:\Users\Shilpa Bundela\Desktop\Rachit\Projects\Django\user_blogs\blogs\serializers.py changed, reloading.
2021-04-26 11:31:19,243 [INFO] C:\Users\Shilpa Bundela\Desktop\Rachit\Projects\Django\user_blogs\blogs\viewsets.py changed, reloading.
2021-04-26 11:31:58,369 [WARNING] Bad Request: /blogs/get-csv/details/
2021-04-26 11:32:51,174 [INFO] C:\Users\Shilpa Bundela\Desktop\Rachit\Projects\Django\user_blogs\blogs\serializers.py changed, reloading.
2021-04-26 11:37:23,666 [INFO] C:\Users\Shilpa Bundela\Desktop\Rachit\Projects\Django\user_blogs\blogs\serializers.py changed, reloading.
2021-04-26 11:38:41,106 [INFO] C:\Users\Shilpa Bundela\Desktop\Rachit\Projects\Django\user_blogs\blogs\serializers.py changed, reloading.
2021-04-26 11:39:52,038 [INFO] C:\Users\Shilpa Bundela\Desktop\Rachit\Projects\Django\user_blogs\blogs\serializers.py changed, reloading.
2021-04-26 11:39:59,590 [WARNING] Bad Request: /blogs/get-csv/details/
2021-04-26 11:40:26,259 [INFO] C:\Users\Shilpa Bundela\Desktop\Rachit\Projects\Django\user_blogs\blogs\serializers.py changed, reloading.
2021-04-26 11:42:39,511 [INFO] C:\Users\Shilpa Bundela\Desktop\Rachit\Projects\Django\user_blogs\blogs\serializers.py changed, reloading.
2021-04-26 11:44:28,081 [INFO] C:\Users\Shilpa Bundela\Desktop\Rachit\Projects\Django\user_blogs\blogs\serializers.py changed, reloading.
2021-04-26 11:46:04,344 [INFO] C:\Users\Shilpa Bundela\Desktop\Rachit\Projects\Django\user_blogs\blogs\serializers.py changed, reloading.
2021-04-26 11:52:14,463 [INFO] C:\Users\Shilpa Bundela\Desktop\Rachit\Projects\Django\user_blogs\blogs\viewsets.py changed, reloading.
2021-04-26 11:53:35,017 [WARNING] Not Found: /get-csv/details/
2021-04-26 11:59:54,819 [INFO] C:\Users\Shilpa Bundela\Desktop\Rachit\Projects\Django\user_blogs\blogs\serializers.py changed, reloading.
2021-04-26 12:00:11,601 [WARNING] Not Found: /get-csv/details/
2021-04-26 12:01:42,277 [INFO] C:\Users\Shilpa Bundela\Desktop\Rachit\Projects\Django\user_blogs\blogs\serializers.py changed, reloading.
2021-04-26 12:09:47,784 [INFO] C:\Users\Shilpa Bundela\Desktop\Rachit\Projects\Django\user_blogs\blogs\serializers.py changed, reloading.
2021-04-26 12:10:12,720 [WARNING] Bad Request: /blogs/get-csv/details/
2021-04-26 12:10:13,215 [WARNING] Bad Request: /blogs/get-csv/details/
2021-04-26 12:10:20,501 [WARNING] Bad Request: /blogs/get-csv/details/
2021-04-26 12:10:29,265 [INFO] C:\Users\Shilpa Bundela\Desktop\Rachit\Projects\Django\user_blogs\blogs\serializers.py changed, reloading.
2021-04-26 12:11:02,706 [INFO] C:\Users\Shilpa Bundela\Desktop\Rachit\Projects\Django\user_blogs\blogs\serializers.py changed, reloading.
2021-04-26 12:11:34,404 [INFO] C:\Users\Shilpa Bundela\Desktop\Rachit\Projects\Django\user_blogs\blogs\serializers.py changed, reloading.
2021-04-26 12:14:24,265 [INFO] C:\Users\Shilpa Bundela\Desktop\Rachit\Projects\Django\user_blogs\blogs\viewsets.py changed, reloading.
2021-04-26 12:17:16,349 [INFO] C:\Users\Shilpa Bundela\Desktop\Rachit\Projects\Django\user_blogs\blogs\viewsets.py changed, reloading.
2021-04-26 12:19:15,628 [INFO] C:\Users\Shilpa Bundela\Desktop\Rachit\Projects\Django\user_blogs\blogs\viewsets.py changed, reloading.
2021-04-26 12:22:59,252 [INFO] C:\Users\Shilpa Bundela\Desktop\Rachit\Projects\Django\user_blogs\blogs\viewsets.py changed, reloading.
2021-04-26 12:23:13,313 [WARNING] Bad Request: /blogs/get-csv/details/
2021-04-26 12:23:20,994 [WARNING] Bad Request: /blogs/get-csv/details/
2021-04-26 12:23:24,307 [WARNING] Bad Request: /blogs/get-csv/details/
2021-04-26 12:25:59,983 [INFO] C:\Users\Shilpa Bundela\Desktop\Rachit\Projects\Django\user_blogs\blogs\serializers.py changed, reloading.
2021-04-26 12:26:31,731 [INFO] C:\Users\Shilpa Bundela\Desktop\Rachit\Projects\Django\user_blogs\blogs\serializers.py changed, reloading.
2021-04-26 12:26:53,021 [INFO] C:\Users\Shilpa Bundela\Desktop\Rachit\Projects\Django\user_blogs\blogs\viewsets.py changed, reloading.
2021-04-26 12:28:38,793 [INFO] C:\Users\Shilpa Bundela\Desktop\Rachit\Projects\Django\user_blogs\blogs\serializers.py changed, reloading.
2021-04-26 12:30:58,799 [INFO] C:\Users\Shilpa Bundela\Desktop\Rachit\Projects\Django\user_blogs\blogs\viewsets.py changed, reloading.
2021-04-26 16:03:15,384 [INFO] C:\Users\Shilpa Bundela\Desktop\Rachit\Projects\Django\user_blogs\blogs\serializers.py changed, reloading.
2021-04-26 16:07:10,454 [INFO] C:\Users\Shilpa Bundela\Desktop\Rachit\Projects\Django\user_blogs\blogs\serializers.py changed, reloading.
2021-04-26 16:10:47,848 [INFO] C:\Users\Shilpa Bundela\Desktop\Rachit\Projects\Django\user_blogs\blogs\serializers.py changed, reloading.
2021-04-26 16:12:24,872 [INFO] C:\Users\Shilpa Bundela\Desktop\Rachit\Projects\Django\user_blogs\blogs\serializers.py changed, reloading.
2021-04-26 16:12:29,657 [INFO] C:\Users\Shilpa Bundela\Desktop\Rachit\Projects\Django\user_blogs\blogs\serializers.py changed, reloading.
2021-04-26 16:13:41,545 [INFO] C:\Users\Shilpa Bundela\Desktop\Rachit\Projects\Django\user_blogs\blogs\serializers.py changed, reloading.
2021-04-26 16:14:34,047 [INFO] C:\Users\Shilpa Bundela\Desktop\Rachit\Projects\Django\user_blogs\blogs\serializers.py changed, reloading.
2021-04-26 16:15:38,517 [INFO] C:\Users\Shilpa Bundela\Desktop\Rachit\Projects\Django\user_blogs\blogs\serializers.py changed, reloading.
2021-04-26 16:15:47,207 [WARNING] Bad Request: /blogs/get-csv/details/
2021-04-26 16:16:00,186 [WARNING] Bad Request: /blogs/get-csv/details/
2021-04-26 16:23:36,534 [INFO] C:\Users\Shilpa Bundela\Desktop\Rachit\Projects\Django\user_blogs\blogs\serializers.py changed, reloading.
2021-04-26 16:23:47,134 [WARNING] Bad Request: /blogs/get-csv/details/
2021-04-26 16:23:54,366 [WARNING] Bad Request: /blogs/get-csv/details/
2021-04-26 16:24:16,529 [INFO] C:\Users\Shilpa Bundela\Desktop\Rachit\Projects\Django\user_blogs\blogs\serializers.py changed, reloading.
2021-04-26 16:26:04,653 [INFO] C:\Users\Shilpa Bundela\Desktop\Rachit\Projects\Django\user_blogs\blogs\serializers.py changed, reloading.
2021-04-26 16:28:16,653 [INFO] C:\Users\Shilpa Bundela\Desktop\Rachit\Projects\Django\user_blogs\blogs\serializers.py changed, reloading.
2021-04-26 16:29:28,482 [INFO] C:\Users\Shilpa Bundela\Desktop\Rachit\Projects\Django\user_blogs\blogs\viewsets.py changed, reloading.
2021-04-26 16:30:15,442 [INFO] C:\Users\Shilpa Bundela\Desktop\Rachit\Projects\Django\user_blogs\blogs\viewsets.py changed, reloading.
2021-04-26 16:30:22,312 [ERROR] Internal Server Error: /blogs/get-csv/details/
Traceback (most recent call last):
  File "C:\Users\Shilpa Bundela\AppData\Local\Programs\Python\Python37\lib\site-packages\django\core\handlers\exception.py", line 34, in inner
    response = get_response(request)
  File "C:\Users\Shilpa Bundela\AppData\Local\Programs\Python\Python37\lib\site-packages\django\core\handlers\base.py", line 115, in _get_response
    response = self.process_exception_by_middleware(e, request)
  File "C:\Users\Shilpa Bundela\AppData\Local\Programs\Python\Python37\lib\site-packages\django\core\handlers\base.py", line 113, in _get_response
    response = wrapped_callback(request, *callback_args, **callback_kwargs)
  File "C:\Users\Shilpa Bundela\AppData\Local\Programs\Python\Python37\lib\site-packages\django\views\decorators\csrf.py", line 54, in wrapped_view
    return view_func(*args, **kwargs)
  File "C:\Users\Shilpa Bundela\AppData\Local\Programs\Python\Python37\lib\site-packages\rest_framework\viewsets.py", line 125, in view
    return self.dispatch(request, *args, **kwargs)
  File "C:\Users\Shilpa Bundela\AppData\Local\Programs\Python\Python37\lib\site-packages\rest_framework\views.py", line 511, in dispatch
    self.response = self.finalize_response(request, response, *args, **kwargs)
  File "C:\Users\Shilpa Bundela\AppData\Local\Programs\Python\Python37\lib\site-packages\rest_framework\views.py", line 426, in finalize_response
    % type(response)
AssertionError: Expected a `Response`, `HttpResponse` or `HttpStreamingResponse` to be returned from the view, but received a `<class 'rest_framework.utils.serializer_helpers.ReturnList'>`
2021-04-26 16:30:26,862 [ERROR] Internal Server Error: /blogs/get-csv/details/
Traceback (most recent call last):
  File "C:\Users\Shilpa Bundela\AppData\Local\Programs\Python\Python37\lib\site-packages\django\core\handlers\exception.py", line 34, in inner
    response = get_response(request)
  File "C:\Users\Shilpa Bundela\AppData\Local\Programs\Python\Python37\lib\site-packages\django\core\handlers\base.py", line 115, in _get_response
    response = self.process_exception_by_middleware(e, request)
  File "C:\Users\Shilpa Bundela\AppData\Local\Programs\Python\Python37\lib\site-packages\django\core\handlers\base.py", line 113, in _get_response
    response = wrapped_callback(request, *callback_args, **callback_kwargs)
  File "C:\Users\Shilpa Bundela\AppData\Local\Programs\Python\Python37\lib\site-packages\django\views\decorators\csrf.py", line 54, in wrapped_view
    return view_func(*args, **kwargs)
  File "C:\Users\Shilpa Bundela\AppData\Local\Programs\Python\Python37\lib\site-packages\rest_framework\viewsets.py", line 125, in view
    return self.dispatch(request, *args, **kwargs)
  File "C:\Users\Shilpa Bundela\AppData\Local\Programs\Python\Python37\lib\site-packages\rest_framework\views.py", line 511, in dispatch
    self.response = self.finalize_response(request, response, *args, **kwargs)
  File "C:\Users\Shilpa Bundela\AppData\Local\Programs\Python\Python37\lib\site-packages\rest_framework\views.py", line 426, in finalize_response
    % type(response)
AssertionError: Expected a `Response`, `HttpResponse` or `HttpStreamingResponse` to be returned from the view, but received a `<class 'rest_framework.utils.serializer_helpers.ReturnList'>`
2021-04-26 16:30:49,862 [ERROR] Internal Server Error: /blogs/get-csv/details/
Traceback (most recent call last):
  File "C:\Users\Shilpa Bundela\AppData\Local\Programs\Python\Python37\lib\site-packages\django\core\handlers\exception.py", line 34, in inner
    response = get_response(request)
  File "C:\Users\Shilpa Bundela\AppData\Local\Programs\Python\Python37\lib\site-packages\django\core\handlers\base.py", line 115, in _get_response
    response = self.process_exception_by_middleware(e, request)
  File "C:\Users\Shilpa Bundela\AppData\Local\Programs\Python\Python37\lib\site-packages\django\core\handlers\base.py", line 113, in _get_response
    response = wrapped_callback(request, *callback_args, **callback_kwargs)
  File "C:\Users\Shilpa Bundela\AppData\Local\Programs\Python\Python37\lib\site-packages\django\views\decorators\csrf.py", line 54, in wrapped_view
    return view_func(*args, **kwargs)
  File "C:\Users\Shilpa Bundela\AppData\Local\Programs\Python\Python37\lib\site-packages\rest_framework\viewsets.py", line 125, in view
    return self.dispatch(request, *args, **kwargs)
  File "C:\Users\Shilpa Bundela\AppData\Local\Programs\Python\Python37\lib\site-packages\rest_framework\views.py", line 511, in dispatch
    self.response = self.finalize_response(request, response, *args, **kwargs)
  File "C:\Users\Shilpa Bundela\AppData\Local\Programs\Python\Python37\lib\site-packages\rest_framework\views.py", line 426, in finalize_response
    % type(response)
AssertionError: Expected a `Response`, `HttpResponse` or `HttpStreamingResponse` to be returned from the view, but received a `<class 'rest_framework.utils.serializer_helpers.ReturnList'>`
2021-04-26 16:31:05,402 [INFO] C:\Users\Shilpa Bundela\Desktop\Rachit\Projects\Django\user_blogs\blogs\viewsets.py changed, reloading.
2021-04-26 16:31:12,132 [WARNING] Bad Request: /blogs/get-csv/details/
2021-04-26 16:31:55,662 [INFO] C:\Users\Shilpa Bundela\Desktop\Rachit\Projects\Django\user_blogs\blogs\viewsets.py changed, reloading.
2021-04-26 16:32:02,541 [WARNING] Bad Request: /blogs/get-csv/details/
2021-04-26 16:32:25,372 [INFO] C:\Users\Shilpa Bundela\Desktop\Rachit\Projects\Django\user_blogs\blogs\viewsets.py changed, reloading.
2021-04-26 16:32:31,241 [WARNING] Bad Request: /blogs/get-csv/details/
2021-04-26 16:32:43,944 [INFO] C:\Users\Shilpa Bundela\Desktop\Rachit\Projects\Django\user_blogs\blogs\viewsets.py changed, reloading.
2021-04-26 16:33:41,557 [INFO] C:\Users\Shilpa Bundela\Desktop\Rachit\Projects\Django\user_blogs\blogs\viewsets.py changed, reloading.
2021-04-26 16:33:46,785 [INFO] C:\Users\Shilpa Bundela\Desktop\Rachit\Projects\Django\user_blogs\blogs\viewsets.py changed, reloading.
2021-04-26 16:33:57,203 [WARNING] Bad Request: /blogs/get-csv/details/
2021-04-26 16:33:59,315 [WARNING] Bad Request: /blogs/get-csv/details/
2021-04-26 16:34:08,556 [INFO] C:\Users\Shilpa Bundela\Desktop\Rachit\Projects\Django\user_blogs\blogs\viewsets.py changed, reloading.
2021-04-26 16:34:29,751 [INFO] C:\Users\Shilpa Bundela\Desktop\Rachit\Projects\Django\user_blogs\blogs\viewsets.py changed, reloading.
2021-04-26 16:35:57,411 [INFO] C:\Users\Shilpa Bundela\Desktop\Rachit\Projects\Django\user_blogs\blogs\viewsets.py changed, reloading.
2021-04-26 16:36:12,426 [INFO] C:\Users\Shilpa Bundela\Desktop\Rachit\Projects\Django\user_blogs\blogs\serializers.py changed, reloading.
2021-04-26 16:37:10,390 [INFO] C:\Users\Shilpa Bundela\Desktop\Rachit\Projects\Django\user_blogs\blogs\serializers.py changed, reloading.
2021-04-26 16:39:50,704 [INFO] C:\Users\Shilpa Bundela\Desktop\Rachit\Projects\Django\user_blogs\blogs\serializers.py changed, reloading.
2021-04-26 16:41:39,686 [INFO] C:\Users\Shilpa Bundela\Desktop\Rachit\Projects\Django\user_blogs\blogs\serializers.py changed, reloading.
2021-04-26 16:41:57,449 [WARNING] Bad Request: /blogs/get-csv/details/
2021-04-26 16:42:50,544 [INFO] C:\Users\Shilpa Bundela\Desktop\Rachit\Projects\Django\user_blogs\blogs\serializers.py changed, reloading.
2021-04-26 16:47:18,316 [INFO] C:\Users\Shilpa Bundela\Desktop\Rachit\Projects\Django\user_blogs\blogs\serializers.py changed, reloading.
2021-04-26 16:47:25,957 [WARNING] Bad Request: /blogs/get-csv/details/
2021-04-26 16:53:54,225 [INFO] C:\Users\Shilpa Bundela\Desktop\Rachit\Projects\Django\user_blogs\blogs\serializers.py changed, reloading.
2021-04-26 16:54:27,240 [WARNING] Bad Request: /blogs/get-csv/details/
2021-04-26 16:54:48,495 [INFO] C:\Users\Shilpa Bundela\Desktop\Rachit\Projects\Django\user_blogs\blogs\serializers.py changed, reloading.
2021-04-26 16:55:14,708 [INFO] C:\Users\Shilpa Bundela\Desktop\Rachit\Projects\Django\user_blogs\blogs\serializers.py changed, reloading.
2021-04-26 17:02:01,652 [INFO] C:\Users\Shilpa Bundela\Desktop\Rachit\Projects\Django\user_blogs\blogs\serializers.py changed, reloading.
2021-04-26 17:03:03,632 [INFO] C:\Users\Shilpa Bundela\Desktop\Rachit\Projects\Django\user_blogs\blogs\serializers.py changed, reloading.
2021-04-26 17:05:46,081 [INFO] C:\Users\Shilpa Bundela\Desktop\Rachit\Projects\Django\user_blogs\blogs\serializers.py changed, reloading.
2021-04-26 17:06:05,725 [INFO] C:\Users\Shilpa Bundela\Desktop\Rachit\Projects\Django\user_blogs\blogs\serializers.py changed, reloading.
2021-04-26 17:19:15,272 [INFO] C:\Users\Shilpa Bundela\Desktop\Rachit\Projects\Django\user_blogs\blogs\serializers.py changed, reloading.
2021-04-26 17:31:01,323 [INFO] C:\Users\Shilpa Bundela\Desktop\Rachit\Projects\Django\user_blogs\blogs\serializers.py changed, reloading.
2021-04-26 17:31:07,682 [WARNING] Bad Request: /blogs/get-csv/details/
2021-04-26 17:31:24,622 [WARNING] Bad Request: /blogs/get-csv/details/
2021-04-26 17:32:19,602 [INFO] C:\Users\Shilpa Bundela\Desktop\Rachit\Projects\Django\user_blogs\blogs\serializers.py changed, reloading.
2021-04-26 17:36:10,330 [INFO] C:\Users\Shilpa Bundela\Desktop\Rachit\Projects\Django\user_blogs\blogs\serializers.py changed, reloading.
2021-04-27 10:43:12,903 [INFO] C:\Users\Shilpa Bundela\Desktop\Rachit\Projects\Django\user_blogs\blogs\viewsets.py changed, reloading.
2021-04-27 10:43:24,104 [INFO] C:\Users\Shilpa Bundela\Desktop\Rachit\Projects\Django\user_blogs\blogs\viewsets.py changed, reloading.
2021-04-27 10:43:31,850 [INFO] all blogs available
2021-04-27 10:44:58,553 [INFO] C:\Users\Shilpa Bundela\Desktop\Rachit\Projects\Django\user_blogs\blogs\viewsets.py changed, reloading.
2021-04-27 10:45:12,048 [INFO] C:\Users\Shilpa Bundela\Desktop\Rachit\Projects\Django\user_blogs\blogs\views.py changed, reloading.
2021-04-27 10:46:24,188 [INFO] C:\Users\Shilpa Bundela\Desktop\Rachit\Projects\Django\user_blogs\blogs\viewsets.py changed, reloading.
2021-04-27 10:47:11,107 [INFO] C:\Users\Shilpa Bundela\Desktop\Rachit\Projects\Django\user_blogs\blogs\serializers.py changed, reloading.
2021-04-27 10:47:49,632 [INFO] C:\Users\Shilpa Bundela\Desktop\Rachit\Projects\Django\user_blogs\blogs\views.py changed, reloading.
2021-04-27 10:47:53,858 [INFO] all blogs available
2021-04-27 10:52:50,766 [INFO] C:\Users\Shilpa Bundela\Desktop\Rachit\Projects\Django\user_blogs\blogs\views.py changed, reloading.
2021-04-27 10:53:53,131 [INFO] C:\Users\Shilpa Bundela\Desktop\Rachit\Projects\Django\user_blogs\blogs\viewsets.py changed, reloading.
2021-04-27 10:53:58,970 [WARNING] Bad Request: /blogs/get_csv/
2021-04-27 10:54:16,520 [INFO] C:\Users\Shilpa Bundela\Desktop\Rachit\Projects\Django\user_blogs\blogs\viewsets.py changed, reloading.
2021-04-27 10:59:08,370 [INFO] C:\Users\Shilpa Bundela\Desktop\Rachit\Projects\Django\user_blogs\blogs\viewsets.py changed, reloading.
2021-04-27 11:02:21,908 [INFO] C:\Users\Shilpa Bundela\Desktop\Rachit\Projects\Django\user_blogs\blogs\views.py changed, reloading.
2021-04-27 11:03:00,902 [INFO] C:\Users\Shilpa Bundela\Desktop\Rachit\Projects\Django\user_blogs\blogs\views.py changed, reloading.
2021-04-27 11:07:21,687 [INFO] C:\Users\Shilpa Bundela\Desktop\Rachit\Projects\Django\user_blogs\blogs\views.py changed, reloading.
2021-04-27 11:07:36,321 [INFO] C:\Users\Shilpa Bundela\Desktop\Rachit\Projects\Django\user_blogs\blogs\viewsets.py changed, reloading.
2021-04-27 11:07:45,655 [INFO] C:\Users\Shilpa Bundela\Desktop\Rachit\Projects\Django\user_blogs\blogs\views.py changed, reloading.
2021-04-27 11:08:22,396 [WARNING] Bad Request: /blogs/get_csv/
2021-04-27 11:19:25,107 [INFO] C:\Users\Shilpa Bundela\Desktop\Rachit\Projects\Django\user_blogs\blogs\views.py changed, reloading.
2021-04-27 11:20:47,797 [INFO] C:\Users\Shilpa Bundela\Desktop\Rachit\Projects\Django\user_blogs\blogs\views.py changed, reloading.
2021-04-27 11:20:56,727 [INFO] C:\Users\Shilpa Bundela\Desktop\Rachit\Projects\Django\user_blogs\blogs\views.py changed, reloading.
2021-04-27 11:22:25,756 [INFO] C:\Users\Shilpa Bundela\Desktop\Rachit\Projects\Django\user_blogs\blogs\mixin.py changed, reloading.
2021-04-27 11:42:30,400 [INFO] C:\Users\Shilpa Bundela\Desktop\Rachit\Projects\Django\user_blogs\blogs\viewsets.py changed, reloading.
2021-04-27 11:46:49,399 [INFO] C:\Users\Shilpa Bundela\Desktop\Rachit\Projects\Django\user_blogs\blogs\viewsets.py changed, reloading.
2021-04-27 11:47:20,266 [INFO] C:\Users\Shilpa Bundela\Desktop\Rachit\Projects\Django\user_blogs\blogs\views.py changed, reloading.
2021-04-27 11:48:10,297 [INFO] C:\Users\Shilpa Bundela\Desktop\Rachit\Projects\Django\user_blogs\blogs\viewsets.py changed, reloading.
2021-04-27 11:49:47,152 [INFO] all blogs available
2021-04-27 11:49:50,397 [ERROR] Internal Server Error: /blogs/
Traceback (most recent call last):
  File "C:\Users\Shilpa Bundela\AppData\Local\Programs\Python\Python37\lib\site-packages\django\core\handlers\exception.py", line 34, in inner
    response = get_response(request)
  File "C:\Users\Shilpa Bundela\AppData\Local\Programs\Python\Python37\lib\site-packages\django\core\handlers\base.py", line 115, in _get_response
    response = self.process_exception_by_middleware(e, request)
  File "C:\Users\Shilpa Bundela\AppData\Local\Programs\Python\Python37\lib\site-packages\django\core\handlers\base.py", line 113, in _get_response
    response = wrapped_callback(request, *callback_args, **callback_kwargs)
  File "C:\Users\Shilpa Bundela\AppData\Local\Programs\Python\Python37\lib\site-packages\django\views\decorators\csrf.py", line 54, in wrapped_view
    return view_func(*args, **kwargs)
  File "C:\Users\Shilpa Bundela\AppData\Local\Programs\Python\Python37\lib\site-packages\rest_framework\viewsets.py", line 125, in view
    return self.dispatch(request, *args, **kwargs)
  File "C:\Users\Shilpa Bundela\AppData\Local\Programs\Python\Python37\lib\site-packages\rest_framework\views.py", line 509, in dispatch
    response = self.handle_exception(exc)
  File "C:\Users\Shilpa Bundela\AppData\Local\Programs\Python\Python37\lib\site-packages\rest_framework\views.py", line 469, in handle_exception
    self.raise_uncaught_exception(exc)
  File "C:\Users\Shilpa Bundela\AppData\Local\Programs\Python\Python37\lib\site-packages\rest_framework\views.py", line 480, in raise_uncaught_exception
    raise exc
  File "C:\Users\Shilpa Bundela\AppData\Local\Programs\Python\Python37\lib\site-packages\rest_framework\views.py", line 506, in dispatch
    response = handler(request, *args, **kwargs)
  File "C:\Users\Shilpa Bundela\AppData\Local\Programs\Python\Python37\lib\site-packages\rest_framework\mixins.py", line 38, in list
    queryset = self.filter_queryset(self.get_queryset())
  File "C:\Users\Shilpa Bundela\AppData\Local\Programs\Python\Python37\lib\site-packages\rest_framework\generics.py", line 66, in get_queryset
    % self.__class__.__name__
AssertionError: 'CreateBlogViewSet' should either include a `queryset` attribute, or override the `get_queryset()` method.
2021-04-27 11:51:17,638 [INFO] C:\Users\Shilpa Bundela\Desktop\Rachit\Projects\Django\user_blogs\blogs\views.py changed, reloading.
2021-04-27 12:19:58,028 [INFO] C:\Users\Shilpa Bundela\Desktop\Rachit\Projects\Django\user_blogs\blogs\viewsets.py changed, reloading.
2021-04-27 13:45:54,821 [INFO] C:\Users\Shilpa Bundela\Desktop\Rachit\Projects\Django\user_blogs\blogs\viewsets.py changed, reloading.
2021-04-27 13:46:30,673 [INFO] C:\Users\Shilpa Bundela\Desktop\Rachit\Projects\Django\user_blogs\blogs\viewsets.py changed, reloading.
2021-04-27 13:47:40,043 [INFO] C:\Users\Shilpa Bundela\Desktop\Rachit\Projects\Django\user_blogs\blogs\viewsets.py changed, reloading.
2021-04-27 13:53:00,857 [INFO] C:\Users\Shilpa Bundela\Desktop\Rachit\Projects\Django\user_blogs\blogs\serializers.py changed, reloading.
2021-04-27 13:53:05,653 [INFO] C:\Users\Shilpa Bundela\Desktop\Rachit\Projects\Django\user_blogs\blogs\views.py changed, reloading.
2021-04-27 13:54:15,624 [ERROR] Internal Server Error: /blogs/get_csv_like/
Traceback (most recent call last):
  File "C:\Users\Shilpa Bundela\AppData\Local\Programs\Python\Python37\lib\site-packages\django\core\handlers\exception.py", line 34, in inner
    response = get_response(request)
  File "C:\Users\Shilpa Bundela\AppData\Local\Programs\Python\Python37\lib\site-packages\django\core\handlers\base.py", line 115, in _get_response
    response = self.process_exception_by_middleware(e, request)
  File "C:\Users\Shilpa Bundela\AppData\Local\Programs\Python\Python37\lib\site-packages\django\core\handlers\base.py", line 113, in _get_response
    response = wrapped_callback(request, *callback_args, **callback_kwargs)
  File "C:\Users\Shilpa Bundela\AppData\Local\Programs\Python\Python37\lib\site-packages\django\views\decorators\csrf.py", line 54, in wrapped_view
    return view_func(*args, **kwargs)
  File "C:\Users\Shilpa Bundela\AppData\Local\Programs\Python\Python37\lib\site-packages\rest_framework\viewsets.py", line 125, in view
    return self.dispatch(request, *args, **kwargs)
  File "C:\Users\Shilpa Bundela\AppData\Local\Programs\Python\Python37\lib\site-packages\rest_framework\views.py", line 509, in dispatch
    response = self.handle_exception(exc)
  File "C:\Users\Shilpa Bundela\AppData\Local\Programs\Python\Python37\lib\site-packages\rest_framework\views.py", line 469, in handle_exception
    self.raise_uncaught_exception(exc)
  File "C:\Users\Shilpa Bundela\AppData\Local\Programs\Python\Python37\lib\site-packages\rest_framework\views.py", line 480, in raise_uncaught_exception
    raise exc
  File "C:\Users\Shilpa Bundela\AppData\Local\Programs\Python\Python37\lib\site-packages\rest_framework\views.py", line 506, in dispatch
    response = handler(request, *args, **kwargs)
  File "C:\Users\Shilpa Bundela\Desktop\Rachit\Projects\Django\user_blogs\blogs\viewsets.py", line 176, in get_csv_like
    return self.csv_details(request, "like details")
AttributeError: 'CreateBlogViewSet' object has no attribute 'csv_details'
2021-04-27 13:55:39,906 [INFO] C:\Users\Shilpa Bundela\Desktop\Rachit\Projects\Django\user_blogs\blogs\mixin.py changed, reloading.
2021-04-27 13:55:46,161 [ERROR] Internal Server Error: /blogs/get_csv_like/
Traceback (most recent call last):
  File "C:\Users\Shilpa Bundela\AppData\Local\Programs\Python\Python37\lib\site-packages\django\core\handlers\exception.py", line 34, in inner
    response = get_response(request)
  File "C:\Users\Shilpa Bundela\AppData\Local\Programs\Python\Python37\lib\site-packages\django\core\handlers\base.py", line 115, in _get_response
    response = self.process_exception_by_middleware(e, request)
  File "C:\Users\Shilpa Bundela\AppData\Local\Programs\Python\Python37\lib\site-packages\django\core\handlers\base.py", line 113, in _get_response
    response = wrapped_callback(request, *callback_args, **callback_kwargs)
  File "C:\Users\Shilpa Bundela\AppData\Local\Programs\Python\Python37\lib\site-packages\django\views\decorators\csrf.py", line 54, in wrapped_view
    return view_func(*args, **kwargs)
  File "C:\Users\Shilpa Bundela\AppData\Local\Programs\Python\Python37\lib\site-packages\rest_framework\viewsets.py", line 125, in view
    return self.dispatch(request, *args, **kwargs)
  File "C:\Users\Shilpa Bundela\AppData\Local\Programs\Python\Python37\lib\site-packages\rest_framework\views.py", line 509, in dispatch
    response = self.handle_exception(exc)
  File "C:\Users\Shilpa Bundela\AppData\Local\Programs\Python\Python37\lib\site-packages\rest_framework\views.py", line 469, in handle_exception
    self.raise_uncaught_exception(exc)
  File "C:\Users\Shilpa Bundela\AppData\Local\Programs\Python\Python37\lib\site-packages\rest_framework\views.py", line 480, in raise_uncaught_exception
    raise exc
  File "C:\Users\Shilpa Bundela\AppData\Local\Programs\Python\Python37\lib\site-packages\rest_framework\views.py", line 506, in dispatch
    response = handler(request, *args, **kwargs)
  File "C:\Users\Shilpa Bundela\Desktop\Rachit\Projects\Django\user_blogs\blogs\viewsets.py", line 176, in get_csv_like
    return self.csv_details(request, "like details")
  File "C:\Users\Shilpa Bundela\Desktop\Rachit\Projects\Django\user_blogs\blogs\mixin.py", line 152, in csv_details
    header = self.get_serializer.Meta.fields
AttributeError: 'function' object has no attribute 'Meta'
2021-04-27 13:56:02,019 [ERROR] Internal Server Error: /blogs/get_csv_all/
Traceback (most recent call last):
  File "C:\Users\Shilpa Bundela\AppData\Local\Programs\Python\Python37\lib\site-packages\django\core\handlers\exception.py", line 34, in inner
    response = get_response(request)
  File "C:\Users\Shilpa Bundela\AppData\Local\Programs\Python\Python37\lib\site-packages\django\core\handlers\base.py", line 115, in _get_response
    response = self.process_exception_by_middleware(e, request)
  File "C:\Users\Shilpa Bundela\AppData\Local\Programs\Python\Python37\lib\site-packages\django\core\handlers\base.py", line 113, in _get_response
    response = wrapped_callback(request, *callback_args, **callback_kwargs)
  File "C:\Users\Shilpa Bundela\AppData\Local\Programs\Python\Python37\lib\site-packages\django\views\decorators\csrf.py", line 54, in wrapped_view
    return view_func(*args, **kwargs)
  File "C:\Users\Shilpa Bundela\AppData\Local\Programs\Python\Python37\lib\site-packages\rest_framework\viewsets.py", line 125, in view
    return self.dispatch(request, *args, **kwargs)
  File "C:\Users\Shilpa Bundela\AppData\Local\Programs\Python\Python37\lib\site-packages\rest_framework\views.py", line 509, in dispatch
    response = self.handle_exception(exc)
  File "C:\Users\Shilpa Bundela\AppData\Local\Programs\Python\Python37\lib\site-packages\rest_framework\views.py", line 469, in handle_exception
    self.raise_uncaught_exception(exc)
  File "C:\Users\Shilpa Bundela\AppData\Local\Programs\Python\Python37\lib\site-packages\rest_framework\views.py", line 480, in raise_uncaught_exception
    raise exc
  File "C:\Users\Shilpa Bundela\AppData\Local\Programs\Python\Python37\lib\site-packages\rest_framework\views.py", line 506, in dispatch
    response = handler(request, *args, **kwargs)
  File "C:\Users\Shilpa Bundela\Desktop\Rachit\Projects\Django\user_blogs\blogs\viewsets.py", line 172, in get_csv_all
    return self.csv_details(request, "blogs details")
  File "C:\Users\Shilpa Bundela\Desktop\Rachit\Projects\Django\user_blogs\blogs\mixin.py", line 152, in csv_details
    header = self.get_serializer.Meta.fields
AttributeError: 'function' object has no attribute 'Meta'
2021-04-27 15:47:55,008 [INFO] C:\Users\Shilpa Bundela\Desktop\Rachit\Projects\Django\user_blogs\blogs\mixin.py changed, reloading.
2021-04-27 15:50:25,348 [INFO] C:\Users\Shilpa Bundela\Desktop\Rachit\Projects\Django\user_blogs\blogs\serializers.py changed, reloading.
2021-04-27 15:51:06,993 [ERROR] Internal Server Error: /blogs/get_csv_all/
Traceback (most recent call last):
  File "C:\Users\Shilpa Bundela\AppData\Local\Programs\Python\Python37\lib\site-packages\django\core\handlers\exception.py", line 34, in inner
    response = get_response(request)
  File "C:\Users\Shilpa Bundela\AppData\Local\Programs\Python\Python37\lib\site-packages\django\core\handlers\base.py", line 115, in _get_response
    response = self.process_exception_by_middleware(e, request)
  File "C:\Users\Shilpa Bundela\AppData\Local\Programs\Python\Python37\lib\site-packages\django\core\handlers\base.py", line 113, in _get_response
    response = wrapped_callback(request, *callback_args, **callback_kwargs)
  File "C:\Users\Shilpa Bundela\AppData\Local\Programs\Python\Python37\lib\site-packages\django\views\decorators\csrf.py", line 54, in wrapped_view
    return view_func(*args, **kwargs)
  File "C:\Users\Shilpa Bundela\AppData\Local\Programs\Python\Python37\lib\site-packages\rest_framework\viewsets.py", line 125, in view
    return self.dispatch(request, *args, **kwargs)
  File "C:\Users\Shilpa Bundela\AppData\Local\Programs\Python\Python37\lib\site-packages\rest_framework\views.py", line 509, in dispatch
    response = self.handle_exception(exc)
  File "C:\Users\Shilpa Bundela\AppData\Local\Programs\Python\Python37\lib\site-packages\rest_framework\views.py", line 469, in handle_exception
    self.raise_uncaught_exception(exc)
  File "C:\Users\Shilpa Bundela\AppData\Local\Programs\Python\Python37\lib\site-packages\rest_framework\views.py", line 480, in raise_uncaught_exception
    raise exc
  File "C:\Users\Shilpa Bundela\AppData\Local\Programs\Python\Python37\lib\site-packages\rest_framework\views.py", line 506, in dispatch
    response = handler(request, *args, **kwargs)
  File "C:\Users\Shilpa Bundela\Desktop\Rachit\Projects\Django\user_blogs\blogs\viewsets.py", line 172, in get_csv_all
    return self.csv_details(request, "blogs details")
  File "C:\Users\Shilpa Bundela\Desktop\Rachit\Projects\Django\user_blogs\blogs\mixin.py", line 142, in csv_details
    s1 = request.query_params.get("s1", None)
AttributeError: 'function' object has no attribute 'Meta'
2021-04-27 15:54:46,473 [INFO] C:\Users\Shilpa Bundela\Desktop\Rachit\Projects\Django\user_blogs\blogs\viewsets.py changed, reloading.
2021-04-27 15:58:56,147 [INFO] C:\Users\Shilpa Bundela\Desktop\Rachit\Projects\Django\user_blogs\blogs\views.py changed, reloading.
2021-04-27 15:59:08,053 [ERROR] Internal Server Error: /blogs/get_csv_all/
Traceback (most recent call last):
  File "C:\Users\Shilpa Bundela\AppData\Local\Programs\Python\Python37\lib\site-packages\django\core\handlers\exception.py", line 34, in inner
    response = get_response(request)
  File "C:\Users\Shilpa Bundela\AppData\Local\Programs\Python\Python37\lib\site-packages\django\core\handlers\base.py", line 115, in _get_response
    response = self.process_exception_by_middleware(e, request)
  File "C:\Users\Shilpa Bundela\AppData\Local\Programs\Python\Python37\lib\site-packages\django\core\handlers\base.py", line 113, in _get_response
    response = wrapped_callback(request, *callback_args, **callback_kwargs)
  File "C:\Users\Shilpa Bundela\AppData\Local\Programs\Python\Python37\lib\site-packages\django\views\decorators\csrf.py", line 54, in wrapped_view
    return view_func(*args, **kwargs)
  File "C:\Users\Shilpa Bundela\AppData\Local\Programs\Python\Python37\lib\site-packages\rest_framework\viewsets.py", line 125, in view
    return self.dispatch(request, *args, **kwargs)
  File "C:\Users\Shilpa Bundela\AppData\Local\Programs\Python\Python37\lib\site-packages\rest_framework\views.py", line 509, in dispatch
    response = self.handle_exception(exc)
  File "C:\Users\Shilpa Bundela\AppData\Local\Programs\Python\Python37\lib\site-packages\rest_framework\views.py", line 469, in handle_exception
    self.raise_uncaught_exception(exc)
  File "C:\Users\Shilpa Bundela\AppData\Local\Programs\Python\Python37\lib\site-packages\rest_framework\views.py", line 480, in raise_uncaught_exception
    raise exc
  File "C:\Users\Shilpa Bundela\AppData\Local\Programs\Python\Python37\lib\site-packages\rest_framework\views.py", line 506, in dispatch
    response = handler(request, *args, **kwargs)
  File "C:\Users\Shilpa Bundela\Desktop\Rachit\Projects\Django\user_blogs\blogs\viewsets.py", line 173, in get_csv_all
    return self.csv_details(request, "blogs details")
  File "C:\Users\Shilpa Bundela\Desktop\Rachit\Projects\Django\user_blogs\blogs\mixin.py", line 142, in csv_details
    s1 = request.query_params.get("s1", None)
AttributeError: 'function' object has no attribute 'Meta'
2021-04-27 15:59:23,132 [INFO] C:\Users\Shilpa Bundela\Desktop\Rachit\Projects\Django\user_blogs\blogs\mixin.py changed, reloading.
2021-04-27 16:00:14,587 [INFO] C:\Users\Shilpa Bundela\Desktop\Rachit\Projects\Django\user_blogs\blogs\mixin.py changed, reloading.
2021-04-27 16:00:26,407 [INFO] C:\Users\Shilpa Bundela\Desktop\Rachit\Projects\Django\user_blogs\blogs\serializers.py changed, reloading.
2021-04-27 16:00:37,007 [INFO] C:\Users\Shilpa Bundela\Desktop\Rachit\Projects\Django\user_blogs\blogs\viewsets.py changed, reloading.
2021-04-27 16:01:12,956 [INFO] C:\Users\Shilpa Bundela\Desktop\Rachit\Projects\Django\user_blogs\blogs\views.py changed, reloading.
2021-04-27 16:03:59,806 [INFO] C:\Users\Shilpa Bundela\Desktop\Rachit\Projects\Django\user_blogs\blogs\serializers.py changed, reloading.
2021-04-27 16:04:31,032 [INFO] C:\Users\Shilpa Bundela\Desktop\Rachit\Projects\Django\user_blogs\blogs\serializers.py changed, reloading.
2021-04-27 16:07:13,095 [INFO] C:\Users\Shilpa Bundela\Desktop\Rachit\Projects\Django\user_blogs\blogs\viewsets.py changed, reloading.
2021-04-27 16:07:31,605 [WARNING] Not Found: /blogs/get_csv_comment/
2021-04-27 16:07:54,240 [INFO] C:\Users\Shilpa Bundela\Desktop\Rachit\Projects\Django\user_blogs\blogs\viewsets.py changed, reloading.
2021-04-27 16:08:20,545 [INFO] C:\Users\Shilpa Bundela\Desktop\Rachit\Projects\Django\user_blogs\blogs\mixin.py changed, reloading.
2021-04-28 18:26:38,883 [WARNING] Not Found: /convert/
2021-04-28 18:27:01,868 [WARNING] Not Found: /convert/
2021-04-28 18:27:39,219 [INFO] C:\Users\Shilpa Bundela\Desktop\Rachit\Projects\Django\user_blogs\user\urls.py changed, reloading.
2021-04-28 18:27:48,856 [INFO] C:\Users\Shilpa Bundela\Desktop\Rachit\Projects\Django\user_blogs\convert\urls.py changed, reloading.
2021-04-28 18:27:59,603 [WARNING] Not Found: /convert/
2021-04-28 18:28:19,068 [WARNING] Not Found: /convert/
2021-04-28 18:28:21,999 [WARNING] Not Found: /convert/
2021-04-28 18:28:22,795 [WARNING] Not Found: /convert/
2021-04-28 18:28:44,587 [WARNING] Not Found: /convert/
2021-04-28 18:28:47,478 [WARNING] Not Found: /convert
2021-04-28 18:29:06,710 [WARNING] Not Found: /favicon.ico
2021-04-28 18:29:16,100 [WARNING] Method Not Allowed: /auth/login/
2021-04-28 18:29:18,964 [WARNING] Not Found: /auth/
2021-04-28 18:29:22,707 [WARNING] Not Found: /auth
2021-04-28 18:29:40,315 [WARNING] Not Found: /follow/
2021-04-28 18:29:48,103 [INFO] C:\Users\Shilpa Bundela\Desktop\Rachit\Projects\Django\user_blogs\user\urls.py changed, reloading.
2021-04-28 18:29:51,023 [WARNING] Not Found: /follow/
2021-04-28 18:29:58,114 [WARNING] Not Found: /
2021-04-28 18:30:05,600 [WARNING] Not Found: /follow
2021-04-28 18:30:16,469 [WARNING] Not Found: /convert/
2021-04-28 18:30:51,547 [WARNING] Not Found: /convert/
2021-04-28 18:31:12,044 [INFO] C:\Users\Shilpa Bundela\Desktop\Rachit\Projects\Django\user_blogs\convert\urls.py changed, reloading.
2021-04-28 18:31:15,634 [WARNING] Not Found: /convert/
2021-04-28 18:31:23,483 [WARNING] Not Found: /convert/convert/
2021-04-28 18:31:26,549 [WARNING] Not Found: /convert/convert
2021-04-29 10:14:04,067 [INFO] C:\Users\Shilpa Bundela\Desktop\Rachit\Projects\Django\user_blogs\user\urls.py changed, reloading.
2021-04-29 10:14:14,096 [INFO] C:\Users\Shilpa Bundela\Desktop\Rachit\Projects\Django\user_blogs\blogs\urls.py changed, reloading.
2021-04-29 10:14:23,483 [INFO] C:\Users\Shilpa Bundela\Desktop\Rachit\Projects\Django\user_blogs\convert\urls.py changed, reloading.
2021-04-29 10:14:28,891 [ERROR] Internal Server Error: /convert/
Traceback (most recent call last):
  File "C:\Users\Shilpa Bundela\AppData\Local\Programs\Python\Python37\lib\site-packages\django\core\handlers\exception.py", line 34, in inner
    response = get_response(request)
  File "C:\Users\Shilpa Bundela\AppData\Local\Programs\Python\Python37\lib\site-packages\django\core\handlers\base.py", line 115, in _get_response
    response = self.process_exception_by_middleware(e, request)
  File "C:\Users\Shilpa Bundela\AppData\Local\Programs\Python\Python37\lib\site-packages\django\core\handlers\base.py", line 113, in _get_response
    response = wrapped_callback(request, *callback_args, **callback_kwargs)
  File "C:\Users\Shilpa Bundela\AppData\Local\Programs\Python\Python37\lib\site-packages\django\views\decorators\csrf.py", line 54, in wrapped_view
    return view_func(*args, **kwargs)
  File "C:\Users\Shilpa Bundela\AppData\Local\Programs\Python\Python37\lib\site-packages\rest_framework\viewsets.py", line 125, in view
    return self.dispatch(request, *args, **kwargs)
  File "C:\Users\Shilpa Bundela\AppData\Local\Programs\Python\Python37\lib\site-packages\rest_framework\views.py", line 509, in dispatch
    response = self.handle_exception(exc)
  File "C:\Users\Shilpa Bundela\AppData\Local\Programs\Python\Python37\lib\site-packages\rest_framework\views.py", line 469, in handle_exception
    self.raise_uncaught_exception(exc)
  File "C:\Users\Shilpa Bundela\AppData\Local\Programs\Python\Python37\lib\site-packages\rest_framework\views.py", line 480, in raise_uncaught_exception
    raise exc
  File "C:\Users\Shilpa Bundela\AppData\Local\Programs\Python\Python37\lib\site-packages\rest_framework\views.py", line 506, in dispatch
    response = handler(request, *args, **kwargs)
  File "C:\Users\Shilpa Bundela\AppData\Local\Programs\Python\Python37\lib\site-packages\rest_framework\mixins.py", line 38, in list
    queryset = self.filter_queryset(self.get_queryset())
  File "C:\Users\Shilpa Bundela\AppData\Local\Programs\Python\Python37\lib\site-packages\rest_framework\generics.py", line 66, in get_queryset
    % self.__class__.__name__
AssertionError: 'ConvertCurrViewSet' should either include a `queryset` attribute, or override the `get_queryset()` method.
2021-04-29 10:14:53,067 [INFO] C:\Users\Shilpa Bundela\Desktop\Rachit\Projects\Django\user_blogs\convert\views.py changed, reloading.
2021-04-29 10:15:03,520 [INFO] C:\Users\Shilpa Bundela\Desktop\Rachit\Projects\Django\user_blogs\convert\views.py changed, reloading.
2021-04-29 10:22:11,246 [ERROR] Internal Server Error: /convert/
Traceback (most recent call last):
  File "C:\Users\Shilpa Bundela\AppData\Local\Programs\Python\Python37\lib\site-packages\django\core\handlers\exception.py", line 34, in inner
    response = get_response(request)
  File "C:\Users\Shilpa Bundela\AppData\Local\Programs\Python\Python37\lib\site-packages\django\core\handlers\base.py", line 115, in _get_response
    response = self.process_exception_by_middleware(e, request)
  File "C:\Users\Shilpa Bundela\AppData\Local\Programs\Python\Python37\lib\site-packages\django\core\handlers\base.py", line 113, in _get_response
    response = wrapped_callback(request, *callback_args, **callback_kwargs)
  File "C:\Users\Shilpa Bundela\AppData\Local\Programs\Python\Python37\lib\site-packages\django\views\decorators\csrf.py", line 54, in wrapped_view
    return view_func(*args, **kwargs)
  File "C:\Users\Shilpa Bundela\AppData\Local\Programs\Python\Python37\lib\site-packages\django\views\generic\base.py", line 71, in view
    return self.dispatch(request, *args, **kwargs)
  File "C:\Users\Shilpa Bundela\AppData\Local\Programs\Python\Python37\lib\site-packages\rest_framework\views.py", line 511, in dispatch
    self.response = self.finalize_response(request, response, *args, **kwargs)
  File "C:\Users\Shilpa Bundela\AppData\Local\Programs\Python\Python37\lib\site-packages\rest_framework\views.py", line 426, in finalize_response
    % type(response)
AssertionError: Expected a `Response`, `HttpResponse` or `HttpStreamingResponse` to be returned from the view, but received a `<class 'NoneType'>`
2021-04-29 10:24:29,506 [INFO] C:\Users\Shilpa Bundela\Desktop\Rachit\Projects\Django\user_blogs\convert\views.py changed, reloading.
2021-04-29 10:24:44,433 [INFO] C:\Users\Shilpa Bundela\Desktop\Rachit\Projects\Django\user_blogs\convert\views.py changed, reloading.
2021-04-29 10:26:56,872 [INFO] C:\Users\Shilpa Bundela\Desktop\Rachit\Projects\Django\user_blogs\convert\views.py changed, reloading.
2021-04-29 10:27:40,368 [INFO] C:\Users\Shilpa Bundela\Desktop\Rachit\Projects\Django\user_blogs\convert\views.py changed, reloading.
2021-04-29 10:28:09,671 [INFO] C:\Users\Shilpa Bundela\Desktop\Rachit\Projects\Django\user_blogs\convert\urls.py changed, reloading.
2021-04-29 10:28:19,297 [INFO] C:\Users\Shilpa Bundela\Desktop\Rachit\Projects\Django\user_blogs\convert\views.py changed, reloading.
2021-04-29 10:28:25,262 [INFO] C:\Users\Shilpa Bundela\Desktop\Rachit\Projects\Django\user_blogs\convert\urls.py changed, reloading.
2021-04-29 10:46:10,644 [INFO] C:\Users\Shilpa Bundela\Desktop\Rachit\Projects\Django\user_blogs\convert\views.py changed, reloading.
2021-04-29 10:46:16,261 [ERROR] Internal Server Error: /convert/
Traceback (most recent call last):
  File "C:\Users\Shilpa Bundela\AppData\Local\Programs\Python\Python37\lib\site-packages\django\core\handlers\exception.py", line 34, in inner
    response = get_response(request)
  File "C:\Users\Shilpa Bundela\AppData\Local\Programs\Python\Python37\lib\site-packages\django\core\handlers\base.py", line 115, in _get_response
    response = self.process_exception_by_middleware(e, request)
  File "C:\Users\Shilpa Bundela\AppData\Local\Programs\Python\Python37\lib\site-packages\django\core\handlers\base.py", line 113, in _get_response
    response = wrapped_callback(request, *callback_args, **callback_kwargs)
  File "C:\Users\Shilpa Bundela\AppData\Local\Programs\Python\Python37\lib\site-packages\django\views\decorators\csrf.py", line 54, in wrapped_view
    return view_func(*args, **kwargs)
  File "C:\Users\Shilpa Bundela\AppData\Local\Programs\Python\Python37\lib\site-packages\django\views\generic\base.py", line 71, in view
    return self.dispatch(request, *args, **kwargs)
  File "C:\Users\Shilpa Bundela\AppData\Local\Programs\Python\Python37\lib\site-packages\rest_framework\views.py", line 509, in dispatch
    response = self.handle_exception(exc)
  File "C:\Users\Shilpa Bundela\AppData\Local\Programs\Python\Python37\lib\site-packages\rest_framework\views.py", line 469, in handle_exception
    self.raise_uncaught_exception(exc)
  File "C:\Users\Shilpa Bundela\AppData\Local\Programs\Python\Python37\lib\site-packages\rest_framework\views.py", line 480, in raise_uncaught_exception
    raise exc
  File "C:\Users\Shilpa Bundela\AppData\Local\Programs\Python\Python37\lib\site-packages\rest_framework\views.py", line 506, in dispatch
    response = handler(request, *args, **kwargs)
  File "C:\Users\Shilpa Bundela\Desktop\Rachit\Projects\Django\user_blogs\convert\views.py", line 15, in get
    msg = "your" + str(amount) + "will be " + _data["rates"][to] + "in" + to
TypeError: can only concatenate str (not "float") to str
2021-04-29 10:47:16,745 [INFO] C:\Users\Shilpa Bundela\Desktop\Rachit\Projects\Django\user_blogs\convert\views.py changed, reloading.
2021-04-29 10:48:15,611 [INFO] C:\Users\Shilpa Bundela\Desktop\Rachit\Projects\Django\user_blogs\convert\views.py changed, reloading.
2021-04-29 10:48:34,391 [INFO] C:\Users\Shilpa Bundela\Desktop\Rachit\Projects\Django\user_blogs\convert\views.py changed, reloading.
2021-04-29 10:48:48,544 [INFO] C:\Users\Shilpa Bundela\Desktop\Rachit\Projects\Django\user_blogs\convert\views.py changed, reloading.
2021-04-29 10:49:40,916 [INFO] C:\Users\Shilpa Bundela\Desktop\Rachit\Projects\Django\user_blogs\convert\views.py changed, reloading.
2021-04-29 11:18:16,838 [INFO] C:\Users\Shilpa Bundela\Desktop\Rachit\Projects\Django\user_blogs\convert\views.py changed, reloading.
2021-04-29 11:18:26,084 [WARNING] Bad Request: /convert/
2021-04-29 11:19:05,518 [INFO] C:\Users\Shilpa Bundela\Desktop\Rachit\Projects\Django\user_blogs\convert\views.py changed, reloading.
2021-04-29 11:19:56,365 [WARNING] Bad Request: /convert/
2021-04-29 11:21:39,561 [INFO] C:\Users\Shilpa Bundela\Desktop\Rachit\Projects\Django\user_blogs\convert\views.py changed, reloading.
2021-04-29 11:23:11,638 [INFO] C:\Users\Shilpa Bundela\Desktop\Rachit\Projects\Django\user_blogs\convert\views.py changed, reloading.
2021-04-29 11:24:11,707 [INFO] C:\Users\Shilpa Bundela\Desktop\Rachit\Projects\Django\user_blogs\convert\views.py changed, reloading.
2021-04-29 11:24:24,837 [INFO] C:\Users\Shilpa Bundela\Desktop\Rachit\Projects\Django\user_blogs\convert\views.py changed, reloading.
2021-04-29 11:24:37,657 [INFO] C:\Users\Shilpa Bundela\Desktop\Rachit\Projects\Django\user_blogs\convert\views.py changed, reloading.
2021-04-29 11:25:31,420 [INFO] C:\Users\Shilpa Bundela\Desktop\Rachit\Projects\Django\user_blogs\convert\views.py changed, reloading.
2021-04-29 11:26:53,221 [INFO] C:\Users\Shilpa Bundela\Desktop\Rachit\Projects\Django\user_blogs\convert\views.py changed, reloading.
2021-04-29 11:26:59,092 [INFO] C:\Users\Shilpa Bundela\Desktop\Rachit\Projects\Django\user_blogs\convert\views.py changed, reloading.
2021-04-29 11:27:51,506 [WARNING] Bad Request: /convert/
2021-04-29 11:28:43,607 [INFO] C:\Users\Shilpa Bundela\Desktop\Rachit\Projects\Django\user_blogs\convert\views.py changed, reloading.
2021-04-29 11:29:51,819 [WARNING] Bad Request: /convert/
2021-04-29 11:34:43,382 [INFO] C:\Users\Shilpa Bundela\Desktop\Rachit\Projects\Django\user_blogs\convert\views.py changed, reloading.
2021-04-29 11:34:49,175 [WARNING] Bad Request: /convert/
2021-04-29 11:41:57,375 [INFO] C:\Users\Shilpa Bundela\Desktop\Rachit\Projects\Django\user_blogs\convert\views.py changed, reloading.
2021-04-29 11:42:33,660 [INFO] C:\Users\Shilpa Bundela\Desktop\Rachit\Projects\Django\user_blogs\convert\views.py changed, reloading.
2021-04-29 11:44:46,451 [INFO] C:\Users\Shilpa Bundela\Desktop\Rachit\Projects\Django\user_blogs\convert\views.py changed, reloading.
2021-04-29 11:44:54,235 [INFO] C:\Users\Shilpa Bundela\Desktop\Rachit\Projects\Django\user_blogs\convert\views.py changed, reloading.
2021-04-29 18:07:26,645 [WARNING] Not Found: /apiblogs/
2021-04-29 18:08:40,265 [WARNING] Not Found: /apiblogs/
2021-04-29 18:09:52,375 [WARNING] Not Found: /api/blogs
2021-04-30 10:14:55,113 [WARNING] Not Found: /api/blogs
2021-04-30 10:16:23,333 [WARNING] Unsupported Media Type: /blogs/
2021-04-30 10:16:44,583 [WARNING] Unsupported Media Type: /blogs/
2021-04-30 10:31:03,154 [WARNING] Unsupported Media Type: /blogs/
2021-04-30 10:36:26,359 [WARNING] Bad Request: /blogs/
2021-04-30 10:37:13,484 [WARNING] Bad Request: /blogs/
2021-04-30 11:00:13,956 [WARNING] Not Found: /blogs/c3e2713e-297f-4171-bc72-36203d9a9c9c/
2021-04-30 12:28:24,151 [WARNING] Unauthorized: /blogs/c3e2713e-297f-4171-bc72-36203d9a9c9c/
2021-04-30 12:29:00,066 [WARNING] Unauthorized: /blogs/
2021-04-30 12:50:32,612 [WARNING] Unauthorized: /blogs/
2021-04-30 12:50:47,732 [WARNING] Unauthorized: /blogs/
2021-04-30 12:51:34,602 [WARNING] Unauthorized: /blogs/
2021-04-30 12:52:04,472 [WARNING] Unauthorized: /blogs/
2021-04-30 13:09:07,990 [WARNING] Bad Request: /blogs/
2021-04-30 16:31:36,701 [WARNING] Unsupported Media Type: /blogs/6188be91-2044-4acb-b110-bb76968db3af/
2021-04-30 16:32:22,036 [WARNING] Bad Request: /blogs/6188be91-2044-4acb-b110-bb76968db3af/
2021-04-30 16:38:14,552 [WARNING] Not Found: /blogs/927ae806-a0f6-4249-87a8-09926f414b08/
2021-04-30 16:39:11,786 [INFO] C:\Users\Shilpa Bundela\Desktop\Rachit\Projects\Django\user_blogs\blogs\viewsets.py changed, reloading.
2021-04-30 16:39:20,574 [WARNING] Not Found: /blogs/7e80b7bb-d373-4635-a2de-6996c6a6e510/
2021-04-30 16:39:34,854 [WARNING] Not Found: /blogs/197c0fda-29f1-4efa-a85a-553813f363c4
2021-04-30 16:40:15,796 [INFO] C:\Users\Shilpa Bundela\Desktop\Rachit\Projects\Django\user_blogs\blogs\viewsets.py changed, reloading.
2021-04-30 16:42:14,292 [INFO] C:\Users\Shilpa Bundela\Desktop\Rachit\Projects\Django\user_blogs\blogs\viewsets.py changed, reloading.
2021-04-30 16:44:04,438 [WARNING] Not Found: /blogs/289856cb-075b-4784-9c5a-3e092f9a92ae/
2021-04-30 16:48:31,777 [INFO] Tag search with tag 'python'
2021-04-30 16:48:43,927 [INFO] C:\Users\Shilpa Bundela\Desktop\Rachit\Projects\Django\user_blogs\blogs\viewsets.py changed, reloading.
2021-04-30 16:49:15,564 [INFO] Tag search with tag 'python'
2021-04-30 16:49:56,557 [INFO] C:\Users\Shilpa Bundela\Desktop\Rachit\Projects\Django\user_blogs\blogs\viewsets.py changed, reloading.
2021-04-30 16:51:31,887 [INFO] C:\Users\Shilpa Bundela\Desktop\Rachit\Projects\Django\user_blogs\blogs\viewsets.py changed, reloading.
2021-04-30 17:07:22,010 [WARNING] Not Found: /blogs/all_activity/
2021-04-30 17:07:51,033 [WARNING] Not Found: /blogs/e3673499-cedc-468d-b45e-f6d083c7dc2a/all_activity
2021-04-30 17:09:09,568 [ERROR] Internal Server Error: /blogs/e3673499-cedc-468d-b45e-f6d083c7dc2a/all_activity/
Traceback (most recent call last):
  File "C:\Users\Shilpa Bundela\AppData\Local\Programs\Python\Python37\lib\site-packages\django\core\handlers\exception.py", line 34, in inner
    response = get_response(request)
  File "C:\Users\Shilpa Bundela\AppData\Local\Programs\Python\Python37\lib\site-packages\django\core\handlers\base.py", line 115, in _get_response
    response = self.process_exception_by_middleware(e, request)
  File "C:\Users\Shilpa Bundela\AppData\Local\Programs\Python\Python37\lib\site-packages\django\core\handlers\base.py", line 113, in _get_response
    response = wrapped_callback(request, *callback_args, **callback_kwargs)
  File "C:\Users\Shilpa Bundela\AppData\Local\Programs\Python\Python37\lib\site-packages\django\views\decorators\csrf.py", line 54, in wrapped_view
    return view_func(*args, **kwargs)
  File "C:\Users\Shilpa Bundela\AppData\Local\Programs\Python\Python37\lib\site-packages\rest_framework\viewsets.py", line 125, in view
    return self.dispatch(request, *args, **kwargs)
  File "C:\Users\Shilpa Bundela\AppData\Local\Programs\Python\Python37\lib\site-packages\rest_framework\views.py", line 509, in dispatch
    response = self.handle_exception(exc)
  File "C:\Users\Shilpa Bundela\AppData\Local\Programs\Python\Python37\lib\site-packages\rest_framework\views.py", line 469, in handle_exception
    self.raise_uncaught_exception(exc)
  File "C:\Users\Shilpa Bundela\AppData\Local\Programs\Python\Python37\lib\site-packages\rest_framework\views.py", line 480, in raise_uncaught_exception
    raise exc
  File "C:\Users\Shilpa Bundela\AppData\Local\Programs\Python\Python37\lib\site-packages\rest_framework\views.py", line 506, in dispatch
    response = handler(request, *args, **kwargs)
  File "C:\Users\Shilpa Bundela\Desktop\Rachit\Projects\Django\user_blogs\blogs\viewsets.py", line 96, in delete
    blog = self.model_class.objects.get(uid = pk)
  File "C:\Users\Shilpa Bundela\AppData\Local\Programs\Python\Python37\lib\site-packages\django\db\models\manager.py", line 82, in manager_method
    return getattr(self.get_queryset(), name)(*args, **kwargs)
  File "C:\Users\Shilpa Bundela\AppData\Local\Programs\Python\Python37\lib\site-packages\django\db\models\query.py", line 417, in get
    self.model._meta.object_name
blogs.models.Blogs.DoesNotExist: Blogs matching query does not exist.
2021-04-30 17:09:31,008 [ERROR] Internal Server Error: /blogs/e3673499-cedc-468d-b45e-f6d083c7dc2a/all_activity/
Traceback (most recent call last):
  File "C:\Users\Shilpa Bundela\AppData\Local\Programs\Python\Python37\lib\site-packages\django\core\handlers\exception.py", line 34, in inner
    response = get_response(request)
  File "C:\Users\Shilpa Bundela\AppData\Local\Programs\Python\Python37\lib\site-packages\django\core\handlers\base.py", line 115, in _get_response
    response = self.process_exception_by_middleware(e, request)
  File "C:\Users\Shilpa Bundela\AppData\Local\Programs\Python\Python37\lib\site-packages\django\core\handlers\base.py", line 113, in _get_response
    response = wrapped_callback(request, *callback_args, **callback_kwargs)
  File "C:\Users\Shilpa Bundela\AppData\Local\Programs\Python\Python37\lib\site-packages\django\views\decorators\csrf.py", line 54, in wrapped_view
    return view_func(*args, **kwargs)
  File "C:\Users\Shilpa Bundela\AppData\Local\Programs\Python\Python37\lib\site-packages\rest_framework\viewsets.py", line 125, in view
    return self.dispatch(request, *args, **kwargs)
  File "C:\Users\Shilpa Bundela\AppData\Local\Programs\Python\Python37\lib\site-packages\rest_framework\views.py", line 509, in dispatch
    response = self.handle_exception(exc)
  File "C:\Users\Shilpa Bundela\AppData\Local\Programs\Python\Python37\lib\site-packages\rest_framework\views.py", line 469, in handle_exception
    self.raise_uncaught_exception(exc)
  File "C:\Users\Shilpa Bundela\AppData\Local\Programs\Python\Python37\lib\site-packages\rest_framework\views.py", line 480, in raise_uncaught_exception
    raise exc
  File "C:\Users\Shilpa Bundela\AppData\Local\Programs\Python\Python37\lib\site-packages\rest_framework\views.py", line 506, in dispatch
    response = handler(request, *args, **kwargs)
  File "C:\Users\Shilpa Bundela\Desktop\Rachit\Projects\Django\user_blogs\blogs\viewsets.py", line 96, in delete
    blog = self.model_class.objects.get(uid = pk)
  File "C:\Users\Shilpa Bundela\AppData\Local\Programs\Python\Python37\lib\site-packages\django\db\models\manager.py", line 82, in manager_method
    return getattr(self.get_queryset(), name)(*args, **kwargs)
  File "C:\Users\Shilpa Bundela\AppData\Local\Programs\Python\Python37\lib\site-packages\django\db\models\query.py", line 417, in get
    self.model._meta.object_name
blogs.models.Blogs.DoesNotExist: Blogs matching query does not exist.
2021-04-30 17:15:44,576 [WARNING] Forbidden (CSRF cookie not set.): /blogs/589d40e4-04f3-4211-ad64-4e01511209b7/comment
2021-04-30 17:15:49,093 [WARNING] Bad Request: /blogs/589d40e4-04f3-4211-ad64-4e01511209b7/comment/
2021-04-30 17:16:54,476 [INFO] all comments of blog with uid = '589d40e4-04f3-4211-ad64-4e01511209b7'
2021-04-30 17:17:38,711 [WARNING] Bad Request: /blogs/589d40e4-04f3-4211-ad64-4e01511209b7/comment/
2021-04-30 17:17:53,653 [INFO] C:\Users\Shilpa Bundela\Desktop\Rachit\Projects\Django\user_blogs\blogs\mixin.py changed, reloading.
2021-04-30 17:19:23,609 [WARNING] Not Found: /blogs/589d40e4-04f3-4211-ad64-4e01511209b7
2021-04-30 17:19:43,565 [WARNING] Bad Request: /blogs/589d40e4-04f3-4211-ad64-4e01511209b7/comment/
2021-04-30 17:19:44,611 [INFO] commented on blog with uid = '589d40e4-04f3-4211-ad64-4e01511209b7'
2021-04-30 17:20:55,301 [INFO] commented on blog with uid = '589d40e4-04f3-4211-ad64-4e01511209b7'
2021-04-30 17:22:44,159 [WARNING] Bad Request: /blogs/589d40e4-04f3-4211-ad64-4e01511209b7/comment/
2021-04-30 17:25:02,409 [WARNING] Bad Request: /blogs/589d40e4-04f3-4211-ad64-4e01511209b7/comment/
2021-04-30 17:25:12,389 [WARNING] Bad Request: /blogs/589d40e4-04f3-4211-ad64-4e01511209b7/comment/
2021-04-30 17:27:39,769 [WARNING] Bad Request: /blogs/589d40e4-04f3-4211-ad64-4e01511209b7/comment/
2021-04-30 17:27:46,719 [WARNING] Bad Request: /blogs/589d40e4-04f3-4211-ad64-4e01511209b7/comment/
2021-04-30 17:28:39,269 [WARNING] Bad Request: /blogs/589d40e4-04f3-4211-ad64-4e01511209b7/comment/
2021-04-30 17:47:48,233 [INFO] commented on blog with uid = '589d40e4-04f3-4211-ad64-4e01511209b7'
2021-04-30 17:48:06,430 [WARNING] Bad Request: /blogs/589d40e4-04f3-4211-ad64-4e01511209b7/comment/
2021-04-30 17:49:00,723 [INFO] commented on blog with uid = '589d40e4-04f3-4211-ad64-4e01511209b7'
2021-04-30 17:50:08,210 [WARNING] Bad Request: /blogs/589d40e4-04f3-4211-ad64-4e01511209b7/comment/
2021-04-30 17:51:52,181 [WARNING] Bad Request: /blogs/589d40e4-04f3-4211-ad64-4e01511209b7/comment/
2021-04-30 17:51:57,562 [WARNING] Unauthorized: /blogs/589d40e4-04f3-4211-ad64-4e01511209b7/comment/
2021-04-30 17:52:11,711 [WARNING] Unauthorized: /blogs/589d40e4-04f3-4211-ad64-4e01511209b7/comment/
2021-04-30 17:53:50,915 [WARNING] Bad Request: /blogs/589d40e4-04f3-4211-ad64-4e01511209b7/comment/
2021-04-30 17:59:37,801 [WARNING] Bad Request: /blogs/589d40e4-04f3-4211-ad64-4e01511209b7/comment/
2021-04-30 18:00:17,371 [WARNING] Bad Request: /blogs/589d40e4-04f3-4211-ad64-4e01511209b7/comment/
2021-04-30 18:04:09,391 [INFO] C:\Users\Shilpa Bundela\Desktop\Rachit\Projects\Django\user_blogs\blogs\viewsets.py changed, reloading.
2021-04-30 18:04:50,901 [INFO] C:\Users\Shilpa Bundela\Desktop\Rachit\Projects\Django\user_blogs\blogs\viewsets.py changed, reloading.
2021-04-30 18:05:07,045 [WARNING] Bad Request: /blogs/589d40e4-04f3-4211-ad64-4e01511209b7/comment/
2021-04-30 18:09:08,681 [INFO] C:\Users\Shilpa Bundela\Desktop\Rachit\Projects\Django\user_blogs\blogs\mixin.py changed, reloading.
2021-04-30 18:09:47,562 [WARNING] Bad Request: /blogs/589d40e4-04f3-4211-ad64-4e01511209b7/comment/
2021-04-30 18:10:23,452 [WARNING] Bad Request: /blogs/589d40e4-04f3-4211-ad64-4e01511209b7/comment/
2021-04-30 18:10:35,932 [INFO] commented on blog with uid = '589d40e4-04f3-4211-ad64-4e01511209b7'
2021-04-30 18:10:35,932 [WARNING] Bad Request: /blogs/589d40e4-04f3-4211-ad64-4e01511209b7/comment/
2021-04-30 18:11:06,842 [INFO] commented on blog with uid = '589d40e4-04f3-4211-ad64-4e01511209b7'
2021-04-30 18:11:59,202 [WARNING] Bad Request: /blogs/589d40e4-04f3-4211-ad64-4e01511209b7/comment/
2021-04-30 18:12:05,372 [INFO] commented on blog with uid = '589d40e4-04f3-4211-ad64-4e01511209b7'
2021-04-30 18:12:05,372 [WARNING] Bad Request: /blogs/589d40e4-04f3-4211-ad64-4e01511209b7/comment/
2021-04-30 18:12:20,217 [INFO] commented on blog with uid = '589d40e4-04f3-4211-ad64-4e01511209b7'
2021-04-30 18:12:58,221 [WARNING] Bad Request: /blogs/589d40e4-04f3-4211-ad64-4e01511209b7/comment/
2021-04-30 18:13:05,107 [INFO] commented on blog with uid = '589d40e4-04f3-4211-ad64-4e01511209b7'
2021-04-30 18:24:29,662 [INFO] commented on blog with uid = '589d40e4-04f3-4211-ad64-4e01511209b7'
2021-04-30 18:24:31,373 [WARNING] Method Not Allowed: /blogs/589d40e4-04f3-4211-ad64-4e01511209b7/like/
2021-04-30 18:26:03,608 [INFO] commented on blog with uid = '589d40e4-04f3-4211-ad64-4e01511209b7'
2021-04-30 18:26:04,723 [WARNING] Method Not Allowed: /blogs/589d40e4-04f3-4211-ad64-4e01511209b7/like/
2021-04-30 18:26:14,173 [INFO] commented on blog with uid = '589d40e4-04f3-4211-ad64-4e01511209b7'
2021-04-30 18:26:27,103 [WARNING] Method Not Allowed: /blogs/589d40e4-04f3-4211-ad64-4e01511209b7/like/
2021-04-30 18:26:56,172 [INFO] commented on blog with uid = '589d40e4-04f3-4211-ad64-4e01511209b7'
2021-04-30 18:26:57,018 [INFO] disliked on blog with uid = '589d40e4-04f3-4211-ad64-4e01511209b7'
2021-04-30 18:27:09,533 [INFO] commented on blog with uid = '589d40e4-04f3-4211-ad64-4e01511209b7'
2021-04-30 18:27:09,562 [INFO] disliked on blog with uid = '589d40e4-04f3-4211-ad64-4e01511209b7'
